2025-05-21 10:23:49,545：爬虫有价查询任务执行失败，酒店Code：823479，错误信息：session not created: Failed to create Chrome process. (SessionNotCreated)
System.InvalidOperationException: session not created: Failed to create Chrome process. (SessionNotCreated)
   at OpenQA.Selenium.WebDriver.UnpackAndThrowOnError(Response errorResponse)
   at OpenQA.Selenium.WebDriver.Execute(String driverCommandToExecute, Dictionary`2 parameters)
   at OpenQA.Selenium.WebDriver.StartSession(ICapabilities desiredCapabilities)
   at OpenQA.Selenium.WebDriver..ctor(ICommandExecutor executor, ICapabilities capabilities)
   at OpenQA.Selenium.Chromium.ChromiumDriver..ctor(ChromiumDriverService service, ChromiumOptions options, TimeSpan commandTimeout)
   at OpenQA.Selenium.Chrome.ChromeDriver..ctor(ChromeDriverService service, ChromeOptions options, TimeSpan commandTimeout)
   at OpenQA.Selenium.Chrome.ChromeDriver..ctor(ChromeOptions options)
   at Offline.Sup.Application.Spider.SpiderAgodaService.RunSpiderAsync(SpiderHotelDateModel model) in D:\products\Offline.Host.Sup\Offline.Sup.Application\Spider\SpiderAgodaService.cs:line 60
   at Offline.Sup.Application.Spider.SupSpiderHotelDateService.ExecSpiderHotelCheckPriceAsync(String otaSupplierId) in D:\products\Offline.Host.Sup\Offline.Sup.Application\Spider\SupSpiderHotelDateService.cs:line 327
2025-05-21 10:23:49,660：爬虫有价查询任务执行失败，酒店Code：823479，错误信息：session not created: Failed to create Chrome process. (SessionNotCreated)
System.InvalidOperationException: session not created: Failed to create Chrome process. (SessionNotCreated)
   at OpenQA.Selenium.WebDriver.UnpackAndThrowOnError(Response errorResponse)
   at OpenQA.Selenium.WebDriver.Execute(String driverCommandToExecute, Dictionary`2 parameters)
   at OpenQA.Selenium.WebDriver.StartSession(ICapabilities desiredCapabilities)
   at OpenQA.Selenium.WebDriver..ctor(ICommandExecutor executor, ICapabilities capabilities)
   at OpenQA.Selenium.Chromium.ChromiumDriver..ctor(ChromiumDriverService service, ChromiumOptions options, TimeSpan commandTimeout)
   at OpenQA.Selenium.Chrome.ChromeDriver..ctor(ChromeDriverService service, ChromeOptions options, TimeSpan commandTimeout)
   at OpenQA.Selenium.Chrome.ChromeDriver..ctor(ChromeOptions options)
   at Offline.Sup.Application.Spider.SpiderAgodaService.RunSpiderAsync(SpiderHotelDateModel model) in D:\products\Offline.Host.Sup\Offline.Sup.Application\Spider\SpiderAgodaService.cs:line 60
   at Offline.Sup.Application.Spider.SupSpiderHotelDateService.ExecSpiderHotelCheckPriceAsync(String otaSupplierId) in D:\products\Offline.Host.Sup\Offline.Sup.Application\Spider\SupSpiderHotelDateService.cs:line 327
2025-05-21 10:23:49,766：爬虫有价查询任务执行失败，酒店Code：823479，错误信息：session not created: Failed to create Chrome process. (SessionNotCreated)
System.InvalidOperationException: session not created: Failed to create Chrome process. (SessionNotCreated)
   at OpenQA.Selenium.WebDriver.UnpackAndThrowOnError(Response errorResponse)
   at OpenQA.Selenium.WebDriver.Execute(String driverCommandToExecute, Dictionary`2 parameters)
   at OpenQA.Selenium.WebDriver.StartSession(ICapabilities desiredCapabilities)
   at OpenQA.Selenium.WebDriver..ctor(ICommandExecutor executor, ICapabilities capabilities)
   at OpenQA.Selenium.Chromium.ChromiumDriver..ctor(ChromiumDriverService service, ChromiumOptions options, TimeSpan commandTimeout)
   at OpenQA.Selenium.Chrome.ChromeDriver..ctor(ChromeDriverService service, ChromeOptions options, TimeSpan commandTimeout)
   at OpenQA.Selenium.Chrome.ChromeDriver..ctor(ChromeOptions options)
   at Offline.Sup.Application.Spider.SpiderAgodaService.RunSpiderAsync(SpiderHotelDateModel model) in D:\products\Offline.Host.Sup\Offline.Sup.Application\Spider\SpiderAgodaService.cs:line 60
   at Offline.Sup.Application.Spider.SupSpiderHotelDateService.ExecSpiderHotelCheckPriceAsync(String otaSupplierId) in D:\products\Offline.Host.Sup\Offline.Sup.Application\Spider\SupSpiderHotelDateService.cs:line 327
2025-05-21 10:23:49,874：爬虫有价查询任务执行失败，酒店Code：823479，错误信息：session not created: Failed to create Chrome process. (SessionNotCreated)
System.InvalidOperationException: session not created: Failed to create Chrome process. (SessionNotCreated)
   at OpenQA.Selenium.WebDriver.UnpackAndThrowOnError(Response errorResponse)
   at OpenQA.Selenium.WebDriver.Execute(String driverCommandToExecute, Dictionary`2 parameters)
   at OpenQA.Selenium.WebDriver.StartSession(ICapabilities desiredCapabilities)
   at OpenQA.Selenium.WebDriver..ctor(ICommandExecutor executor, ICapabilities capabilities)
   at OpenQA.Selenium.Chromium.ChromiumDriver..ctor(ChromiumDriverService service, ChromiumOptions options, TimeSpan commandTimeout)
   at OpenQA.Selenium.Chrome.ChromeDriver..ctor(ChromeDriverService service, ChromeOptions options, TimeSpan commandTimeout)
   at OpenQA.Selenium.Chrome.ChromeDriver..ctor(ChromeOptions options)
   at Offline.Sup.Application.Spider.SpiderAgodaService.RunSpiderAsync(SpiderHotelDateModel model) in D:\products\Offline.Host.Sup\Offline.Sup.Application\Spider\SpiderAgodaService.cs:line 60
   at Offline.Sup.Application.Spider.SupSpiderHotelDateService.ExecSpiderHotelCheckPriceAsync(String otaSupplierId) in D:\products\Offline.Host.Sup\Offline.Sup.Application\Spider\SupSpiderHotelDateService.cs:line 327
2025-05-21 10:23:49,977：爬虫有价查询任务执行失败，酒店Code：823479，错误信息：session not created: Failed to create Chrome process. (SessionNotCreated)
System.InvalidOperationException: session not created: Failed to create Chrome process. (SessionNotCreated)
   at OpenQA.Selenium.WebDriver.UnpackAndThrowOnError(Response errorResponse)
   at OpenQA.Selenium.WebDriver.Execute(String driverCommandToExecute, Dictionary`2 parameters)
   at OpenQA.Selenium.WebDriver.StartSession(ICapabilities desiredCapabilities)
   at OpenQA.Selenium.WebDriver..ctor(ICommandExecutor executor, ICapabilities capabilities)
   at OpenQA.Selenium.Chromium.ChromiumDriver..ctor(ChromiumDriverService service, ChromiumOptions options, TimeSpan commandTimeout)
   at OpenQA.Selenium.Chrome.ChromeDriver..ctor(ChromeDriverService service, ChromeOptions options, TimeSpan commandTimeout)
   at OpenQA.Selenium.Chrome.ChromeDriver..ctor(ChromeOptions options)
   at Offline.Sup.Application.Spider.SpiderAgodaService.RunSpiderAsync(SpiderHotelDateModel model) in D:\products\Offline.Host.Sup\Offline.Sup.Application\Spider\SpiderAgodaService.cs:line 60
   at Offline.Sup.Application.Spider.SupSpiderHotelDateService.ExecSpiderHotelCheckPriceAsync(String otaSupplierId) in D:\products\Offline.Host.Sup\Offline.Sup.Application\Spider\SupSpiderHotelDateService.cs:line 327
2025-05-21 10:23:50,081：爬虫有价查询任务执行失败，酒店Code：823479，错误信息：session not created: Failed to create Chrome process. (SessionNotCreated)
System.InvalidOperationException: session not created: Failed to create Chrome process. (SessionNotCreated)
   at OpenQA.Selenium.WebDriver.UnpackAndThrowOnError(Response errorResponse)
   at OpenQA.Selenium.WebDriver.Execute(String driverCommandToExecute, Dictionary`2 parameters)
   at OpenQA.Selenium.WebDriver.StartSession(ICapabilities desiredCapabilities)
   at OpenQA.Selenium.WebDriver..ctor(ICommandExecutor executor, ICapabilities capabilities)
   at OpenQA.Selenium.Chromium.ChromiumDriver..ctor(ChromiumDriverService service, ChromiumOptions options, TimeSpan commandTimeout)
   at OpenQA.Selenium.Chrome.ChromeDriver..ctor(ChromeDriverService service, ChromeOptions options, TimeSpan commandTimeout)
   at OpenQA.Selenium.Chrome.ChromeDriver..ctor(ChromeOptions options)
   at Offline.Sup.Application.Spider.SpiderAgodaService.RunSpiderAsync(SpiderHotelDateModel model) in D:\products\Offline.Host.Sup\Offline.Sup.Application\Spider\SpiderAgodaService.cs:line 60
   at Offline.Sup.Application.Spider.SupSpiderHotelDateService.ExecSpiderHotelCheckPriceAsync(String otaSupplierId) in D:\products\Offline.Host.Sup\Offline.Sup.Application\Spider\SupSpiderHotelDateService.cs:line 327
2025-05-21 10:23:50,187：爬虫有价查询任务执行失败，酒店Code：823479，错误信息：session not created: Failed to create Chrome process. (SessionNotCreated)
System.InvalidOperationException: session not created: Failed to create Chrome process. (SessionNotCreated)
   at OpenQA.Selenium.WebDriver.UnpackAndThrowOnError(Response errorResponse)
   at OpenQA.Selenium.WebDriver.Execute(String driverCommandToExecute, Dictionary`2 parameters)
   at OpenQA.Selenium.WebDriver.StartSession(ICapabilities desiredCapabilities)
   at OpenQA.Selenium.WebDriver..ctor(ICommandExecutor executor, ICapabilities capabilities)
   at OpenQA.Selenium.Chromium.ChromiumDriver..ctor(ChromiumDriverService service, ChromiumOptions options, TimeSpan commandTimeout)
   at OpenQA.Selenium.Chrome.ChromeDriver..ctor(ChromeDriverService service, ChromeOptions options, TimeSpan commandTimeout)
   at OpenQA.Selenium.Chrome.ChromeDriver..ctor(ChromeOptions options)
   at Offline.Sup.Application.Spider.SpiderAgodaService.RunSpiderAsync(SpiderHotelDateModel model) in D:\products\Offline.Host.Sup\Offline.Sup.Application\Spider\SpiderAgodaService.cs:line 60
   at Offline.Sup.Application.Spider.SupSpiderHotelDateService.ExecSpiderHotelCheckPriceAsync(String otaSupplierId) in D:\products\Offline.Host.Sup\Offline.Sup.Application\Spider\SupSpiderHotelDateService.cs:line 327
2025-05-21 10:23:50,289：爬虫有价查询任务执行失败，酒店Code：823479，错误信息：session not created: Failed to create Chrome process. (SessionNotCreated)
System.InvalidOperationException: session not created: Failed to create Chrome process. (SessionNotCreated)
   at OpenQA.Selenium.WebDriver.UnpackAndThrowOnError(Response errorResponse)
   at OpenQA.Selenium.WebDriver.Execute(String driverCommandToExecute, Dictionary`2 parameters)
   at OpenQA.Selenium.WebDriver.StartSession(ICapabilities desiredCapabilities)
   at OpenQA.Selenium.WebDriver..ctor(ICommandExecutor executor, ICapabilities capabilities)
   at OpenQA.Selenium.Chromium.ChromiumDriver..ctor(ChromiumDriverService service, ChromiumOptions options, TimeSpan commandTimeout)
   at OpenQA.Selenium.Chrome.ChromeDriver..ctor(ChromeDriverService service, ChromeOptions options, TimeSpan commandTimeout)
   at OpenQA.Selenium.Chrome.ChromeDriver..ctor(ChromeOptions options)
   at Offline.Sup.Application.Spider.SpiderAgodaService.RunSpiderAsync(SpiderHotelDateModel model) in D:\products\Offline.Host.Sup\Offline.Sup.Application\Spider\SpiderAgodaService.cs:line 60
   at Offline.Sup.Application.Spider.SupSpiderHotelDateService.ExecSpiderHotelCheckPriceAsync(String otaSupplierId) in D:\products\Offline.Host.Sup\Offline.Sup.Application\Spider\SupSpiderHotelDateService.cs:line 327
2025-05-21 10:23:50,395：爬虫有价查询任务执行失败，酒店Code：55268476，错误信息：session not created: Failed to create Chrome process. (SessionNotCreated)
System.InvalidOperationException: session not created: Failed to create Chrome process. (SessionNotCreated)
   at OpenQA.Selenium.WebDriver.UnpackAndThrowOnError(Response errorResponse)
   at OpenQA.Selenium.WebDriver.Execute(String driverCommandToExecute, Dictionary`2 parameters)
   at OpenQA.Selenium.WebDriver.StartSession(ICapabilities desiredCapabilities)
   at OpenQA.Selenium.WebDriver..ctor(ICommandExecutor executor, ICapabilities capabilities)
   at OpenQA.Selenium.Chromium.ChromiumDriver..ctor(ChromiumDriverService service, ChromiumOptions options, TimeSpan commandTimeout)
   at OpenQA.Selenium.Chrome.ChromeDriver..ctor(ChromeDriverService service, ChromeOptions options, TimeSpan commandTimeout)
   at OpenQA.Selenium.Chrome.ChromeDriver..ctor(ChromeOptions options)
   at Offline.Sup.Application.Spider.SpiderAgodaService.RunSpiderAsync(SpiderHotelDateModel model) in D:\products\Offline.Host.Sup\Offline.Sup.Application\Spider\SpiderAgodaService.cs:line 60
   at Offline.Sup.Application.Spider.SupSpiderHotelDateService.ExecSpiderHotelCheckPriceAsync(String otaSupplierId) in D:\products\Offline.Host.Sup\Offline.Sup.Application\Spider\SupSpiderHotelDateService.cs:line 327
2025-05-21 10:23:50,499：爬虫有价查询任务执行失败，酒店Code：55268476，错误信息：session not created: Failed to create Chrome process. (SessionNotCreated)
System.InvalidOperationException: session not created: Failed to create Chrome process. (SessionNotCreated)
   at OpenQA.Selenium.WebDriver.UnpackAndThrowOnError(Response errorResponse)
   at OpenQA.Selenium.WebDriver.Execute(String driverCommandToExecute, Dictionary`2 parameters)
   at OpenQA.Selenium.WebDriver.StartSession(ICapabilities desiredCapabilities)
   at OpenQA.Selenium.WebDriver..ctor(ICommandExecutor executor, ICapabilities capabilities)
   at OpenQA.Selenium.Chromium.ChromiumDriver..ctor(ChromiumDriverService service, ChromiumOptions options, TimeSpan commandTimeout)
   at OpenQA.Selenium.Chrome.ChromeDriver..ctor(ChromeDriverService service, ChromeOptions options, TimeSpan commandTimeout)
   at OpenQA.Selenium.Chrome.ChromeDriver..ctor(ChromeOptions options)
   at Offline.Sup.Application.Spider.SpiderAgodaService.RunSpiderAsync(SpiderHotelDateModel model) in D:\products\Offline.Host.Sup\Offline.Sup.Application\Spider\SpiderAgodaService.cs:line 60
   at Offline.Sup.Application.Spider.SupSpiderHotelDateService.ExecSpiderHotelCheckPriceAsync(String otaSupplierId) in D:\products\Offline.Host.Sup\Offline.Sup.Application\Spider\SupSpiderHotelDateService.cs:line 327
2025-05-21 10:23:50,602：爬虫有价查询任务执行失败，酒店Code：55268476，错误信息：session not created: Failed to create Chrome process. (SessionNotCreated)
System.InvalidOperationException: session not created: Failed to create Chrome process. (SessionNotCreated)
   at OpenQA.Selenium.WebDriver.UnpackAndThrowOnError(Response errorResponse)
   at OpenQA.Selenium.WebDriver.Execute(String driverCommandToExecute, Dictionary`2 parameters)
   at OpenQA.Selenium.WebDriver.StartSession(ICapabilities desiredCapabilities)
   at OpenQA.Selenium.WebDriver..ctor(ICommandExecutor executor, ICapabilities capabilities)
   at OpenQA.Selenium.Chromium.ChromiumDriver..ctor(ChromiumDriverService service, ChromiumOptions options, TimeSpan commandTimeout)
   at OpenQA.Selenium.Chrome.ChromeDriver..ctor(ChromeDriverService service, ChromeOptions options, TimeSpan commandTimeout)
   at OpenQA.Selenium.Chrome.ChromeDriver..ctor(ChromeOptions options)
   at Offline.Sup.Application.Spider.SpiderAgodaService.RunSpiderAsync(SpiderHotelDateModel model) in D:\products\Offline.Host.Sup\Offline.Sup.Application\Spider\SpiderAgodaService.cs:line 60
   at Offline.Sup.Application.Spider.SupSpiderHotelDateService.ExecSpiderHotelCheckPriceAsync(String otaSupplierId) in D:\products\Offline.Host.Sup\Offline.Sup.Application\Spider\SupSpiderHotelDateService.cs:line 327
2025-05-21 10:23:50,708：爬虫有价查询任务执行失败，酒店Code：55268476，错误信息：session not created: Failed to create Chrome process. (SessionNotCreated)
System.InvalidOperationException: session not created: Failed to create Chrome process. (SessionNotCreated)
   at OpenQA.Selenium.WebDriver.UnpackAndThrowOnError(Response errorResponse)
   at OpenQA.Selenium.WebDriver.Execute(String driverCommandToExecute, Dictionary`2 parameters)
   at OpenQA.Selenium.WebDriver.StartSession(ICapabilities desiredCapabilities)
   at OpenQA.Selenium.WebDriver..ctor(ICommandExecutor executor, ICapabilities capabilities)
   at OpenQA.Selenium.Chromium.ChromiumDriver..ctor(ChromiumDriverService service, ChromiumOptions options, TimeSpan commandTimeout)
   at OpenQA.Selenium.Chrome.ChromeDriver..ctor(ChromeDriverService service, ChromeOptions options, TimeSpan commandTimeout)
   at OpenQA.Selenium.Chrome.ChromeDriver..ctor(ChromeOptions options)
   at Offline.Sup.Application.Spider.SpiderAgodaService.RunSpiderAsync(SpiderHotelDateModel model) in D:\products\Offline.Host.Sup\Offline.Sup.Application\Spider\SpiderAgodaService.cs:line 60
   at Offline.Sup.Application.Spider.SupSpiderHotelDateService.ExecSpiderHotelCheckPriceAsync(String otaSupplierId) in D:\products\Offline.Host.Sup\Offline.Sup.Application\Spider\SupSpiderHotelDateService.cs:line 327
2025-05-21 10:23:50,814：爬虫有价查询任务执行失败，酒店Code：55268476，错误信息：session not created: Failed to create Chrome process. (SessionNotCreated)
System.InvalidOperationException: session not created: Failed to create Chrome process. (SessionNotCreated)
   at OpenQA.Selenium.WebDriver.UnpackAndThrowOnError(Response errorResponse)
   at OpenQA.Selenium.WebDriver.Execute(String driverCommandToExecute, Dictionary`2 parameters)
   at OpenQA.Selenium.WebDriver.StartSession(ICapabilities desiredCapabilities)
   at OpenQA.Selenium.WebDriver..ctor(ICommandExecutor executor, ICapabilities capabilities)
   at OpenQA.Selenium.Chromium.ChromiumDriver..ctor(ChromiumDriverService service, ChromiumOptions options, TimeSpan commandTimeout)
   at OpenQA.Selenium.Chrome.ChromeDriver..ctor(ChromeDriverService service, ChromeOptions options, TimeSpan commandTimeout)
   at OpenQA.Selenium.Chrome.ChromeDriver..ctor(ChromeOptions options)
   at Offline.Sup.Application.Spider.SpiderAgodaService.RunSpiderAsync(SpiderHotelDateModel model) in D:\products\Offline.Host.Sup\Offline.Sup.Application\Spider\SpiderAgodaService.cs:line 60
   at Offline.Sup.Application.Spider.SupSpiderHotelDateService.ExecSpiderHotelCheckPriceAsync(String otaSupplierId) in D:\products\Offline.Host.Sup\Offline.Sup.Application\Spider\SupSpiderHotelDateService.cs:line 327
2025-05-21 10:23:50,925：爬虫有价查询任务执行失败，酒店Code：55268476，错误信息：session not created: Failed to create Chrome process. (SessionNotCreated)
System.InvalidOperationException: session not created: Failed to create Chrome process. (SessionNotCreated)
   at OpenQA.Selenium.WebDriver.UnpackAndThrowOnError(Response errorResponse)
   at OpenQA.Selenium.WebDriver.Execute(String driverCommandToExecute, Dictionary`2 parameters)
   at OpenQA.Selenium.WebDriver.StartSession(ICapabilities desiredCapabilities)
   at OpenQA.Selenium.WebDriver..ctor(ICommandExecutor executor, ICapabilities capabilities)
   at OpenQA.Selenium.Chromium.ChromiumDriver..ctor(ChromiumDriverService service, ChromiumOptions options, TimeSpan commandTimeout)
   at OpenQA.Selenium.Chrome.ChromeDriver..ctor(ChromeDriverService service, ChromeOptions options, TimeSpan commandTimeout)
   at OpenQA.Selenium.Chrome.ChromeDriver..ctor(ChromeOptions options)
   at Offline.Sup.Application.Spider.SpiderAgodaService.RunSpiderAsync(SpiderHotelDateModel model) in D:\products\Offline.Host.Sup\Offline.Sup.Application\Spider\SpiderAgodaService.cs:line 60
   at Offline.Sup.Application.Spider.SupSpiderHotelDateService.ExecSpiderHotelCheckPriceAsync(String otaSupplierId) in D:\products\Offline.Host.Sup\Offline.Sup.Application\Spider\SupSpiderHotelDateService.cs:line 327
2025-05-21 10:23:51,030：爬虫有价查询任务执行失败，酒店Code：55268476，错误信息：session not created: Failed to create Chrome process. (SessionNotCreated)
System.InvalidOperationException: session not created: Failed to create Chrome process. (SessionNotCreated)
   at OpenQA.Selenium.WebDriver.UnpackAndThrowOnError(Response errorResponse)
   at OpenQA.Selenium.WebDriver.Execute(String driverCommandToExecute, Dictionary`2 parameters)
   at OpenQA.Selenium.WebDriver.StartSession(ICapabilities desiredCapabilities)
   at OpenQA.Selenium.WebDriver..ctor(ICommandExecutor executor, ICapabilities capabilities)
   at OpenQA.Selenium.Chromium.ChromiumDriver..ctor(ChromiumDriverService service, ChromiumOptions options, TimeSpan commandTimeout)
   at OpenQA.Selenium.Chrome.ChromeDriver..ctor(ChromeDriverService service, ChromeOptions options, TimeSpan commandTimeout)
   at OpenQA.Selenium.Chrome.ChromeDriver..ctor(ChromeOptions options)
   at Offline.Sup.Application.Spider.SpiderAgodaService.RunSpiderAsync(SpiderHotelDateModel model) in D:\products\Offline.Host.Sup\Offline.Sup.Application\Spider\SpiderAgodaService.cs:line 60
   at Offline.Sup.Application.Spider.SupSpiderHotelDateService.ExecSpiderHotelCheckPriceAsync(String otaSupplierId) in D:\products\Offline.Host.Sup\Offline.Sup.Application\Spider\SupSpiderHotelDateService.cs:line 327
2025-05-21 10:23:51,134：爬虫有价查询任务执行失败，酒店Code：55268476，错误信息：session not created: Failed to create Chrome process. (SessionNotCreated)
System.InvalidOperationException: session not created: Failed to create Chrome process. (SessionNotCreated)
   at OpenQA.Selenium.WebDriver.UnpackAndThrowOnError(Response errorResponse)
   at OpenQA.Selenium.WebDriver.Execute(String driverCommandToExecute, Dictionary`2 parameters)
   at OpenQA.Selenium.WebDriver.StartSession(ICapabilities desiredCapabilities)
   at OpenQA.Selenium.WebDriver..ctor(ICommandExecutor executor, ICapabilities capabilities)
   at OpenQA.Selenium.Chromium.ChromiumDriver..ctor(ChromiumDriverService service, ChromiumOptions options, TimeSpan commandTimeout)
   at OpenQA.Selenium.Chrome.ChromeDriver..ctor(ChromeDriverService service, ChromeOptions options, TimeSpan commandTimeout)
   at OpenQA.Selenium.Chrome.ChromeDriver..ctor(ChromeOptions options)
   at Offline.Sup.Application.Spider.SpiderAgodaService.RunSpiderAsync(SpiderHotelDateModel model) in D:\products\Offline.Host.Sup\Offline.Sup.Application\Spider\SpiderAgodaService.cs:line 60
   at Offline.Sup.Application.Spider.SupSpiderHotelDateService.ExecSpiderHotelCheckPriceAsync(String otaSupplierId) in D:\products\Offline.Host.Sup\Offline.Sup.Application\Spider\SupSpiderHotelDateService.cs:line 327
2025-05-21 10:23:51,242：爬虫有价查询任务执行失败，酒店Code：55268476，错误信息：session not created: Failed to create Chrome process. (SessionNotCreated)
System.InvalidOperationException: session not created: Failed to create Chrome process. (SessionNotCreated)
   at OpenQA.Selenium.WebDriver.UnpackAndThrowOnError(Response errorResponse)
   at OpenQA.Selenium.WebDriver.Execute(String driverCommandToExecute, Dictionary`2 parameters)
   at OpenQA.Selenium.WebDriver.StartSession(ICapabilities desiredCapabilities)
   at OpenQA.Selenium.WebDriver..ctor(ICommandExecutor executor, ICapabilities capabilities)
   at OpenQA.Selenium.Chromium.ChromiumDriver..ctor(ChromiumDriverService service, ChromiumOptions options, TimeSpan commandTimeout)
   at OpenQA.Selenium.Chrome.ChromeDriver..ctor(ChromeDriverService service, ChromeOptions options, TimeSpan commandTimeout)
   at OpenQA.Selenium.Chrome.ChromeDriver..ctor(ChromeOptions options)
   at Offline.Sup.Application.Spider.SpiderAgodaService.RunSpiderAsync(SpiderHotelDateModel model) in D:\products\Offline.Host.Sup\Offline.Sup.Application\Spider\SpiderAgodaService.cs:line 60
   at Offline.Sup.Application.Spider.SupSpiderHotelDateService.ExecSpiderHotelCheckPriceAsync(String otaSupplierId) in D:\products\Offline.Host.Sup\Offline.Sup.Application\Spider\SupSpiderHotelDateService.cs:line 327
2025-05-21 10:23:51,344：爬虫有价查询任务执行失败，酒店Code：55268476，错误信息：session not created: Failed to create Chrome process. (SessionNotCreated)
System.InvalidOperationException: session not created: Failed to create Chrome process. (SessionNotCreated)
   at OpenQA.Selenium.WebDriver.UnpackAndThrowOnError(Response errorResponse)
   at OpenQA.Selenium.WebDriver.Execute(String driverCommandToExecute, Dictionary`2 parameters)
   at OpenQA.Selenium.WebDriver.StartSession(ICapabilities desiredCapabilities)
   at OpenQA.Selenium.WebDriver..ctor(ICommandExecutor executor, ICapabilities capabilities)
   at OpenQA.Selenium.Chromium.ChromiumDriver..ctor(ChromiumDriverService service, ChromiumOptions options, TimeSpan commandTimeout)
   at OpenQA.Selenium.Chrome.ChromeDriver..ctor(ChromeDriverService service, ChromeOptions options, TimeSpan commandTimeout)
   at OpenQA.Selenium.Chrome.ChromeDriver..ctor(ChromeOptions options)
   at Offline.Sup.Application.Spider.SpiderAgodaService.RunSpiderAsync(SpiderHotelDateModel model) in D:\products\Offline.Host.Sup\Offline.Sup.Application\Spider\SpiderAgodaService.cs:line 60
   at Offline.Sup.Application.Spider.SupSpiderHotelDateService.ExecSpiderHotelCheckPriceAsync(String otaSupplierId) in D:\products\Offline.Host.Sup\Offline.Sup.Application\Spider\SupSpiderHotelDateService.cs:line 327
2025-05-21 10:23:51,447：爬虫有价查询任务执行失败，酒店Code：55268476，错误信息：session not created: Failed to create Chrome process. (SessionNotCreated)
System.InvalidOperationException: session not created: Failed to create Chrome process. (SessionNotCreated)
   at OpenQA.Selenium.WebDriver.UnpackAndThrowOnError(Response errorResponse)
   at OpenQA.Selenium.WebDriver.Execute(String driverCommandToExecute, Dictionary`2 parameters)
   at OpenQA.Selenium.WebDriver.StartSession(ICapabilities desiredCapabilities)
   at OpenQA.Selenium.WebDriver..ctor(ICommandExecutor executor, ICapabilities capabilities)
   at OpenQA.Selenium.Chromium.ChromiumDriver..ctor(ChromiumDriverService service, ChromiumOptions options, TimeSpan commandTimeout)
   at OpenQA.Selenium.Chrome.ChromeDriver..ctor(ChromeDriverService service, ChromeOptions options, TimeSpan commandTimeout)
   at OpenQA.Selenium.Chrome.ChromeDriver..ctor(ChromeOptions options)
   at Offline.Sup.Application.Spider.SpiderAgodaService.RunSpiderAsync(SpiderHotelDateModel model) in D:\products\Offline.Host.Sup\Offline.Sup.Application\Spider\SpiderAgodaService.cs:line 60
   at Offline.Sup.Application.Spider.SupSpiderHotelDateService.ExecSpiderHotelCheckPriceAsync(String otaSupplierId) in D:\products\Offline.Host.Sup\Offline.Sup.Application\Spider\SupSpiderHotelDateService.cs:line 327
2025-05-21 10:23:51,551：爬虫有价查询任务执行失败，酒店Code：55268476，错误信息：session not created: Failed to create Chrome process. (SessionNotCreated)
System.InvalidOperationException: session not created: Failed to create Chrome process. (SessionNotCreated)
   at OpenQA.Selenium.WebDriver.UnpackAndThrowOnError(Response errorResponse)
   at OpenQA.Selenium.WebDriver.Execute(String driverCommandToExecute, Dictionary`2 parameters)
   at OpenQA.Selenium.WebDriver.StartSession(ICapabilities desiredCapabilities)
   at OpenQA.Selenium.WebDriver..ctor(ICommandExecutor executor, ICapabilities capabilities)
   at OpenQA.Selenium.Chromium.ChromiumDriver..ctor(ChromiumDriverService service, ChromiumOptions options, TimeSpan commandTimeout)
   at OpenQA.Selenium.Chrome.ChromeDriver..ctor(ChromeDriverService service, ChromeOptions options, TimeSpan commandTimeout)
   at OpenQA.Selenium.Chrome.ChromeDriver..ctor(ChromeOptions options)
   at Offline.Sup.Application.Spider.SpiderAgodaService.RunSpiderAsync(SpiderHotelDateModel model) in D:\products\Offline.Host.Sup\Offline.Sup.Application\Spider\SpiderAgodaService.cs:line 60
   at Offline.Sup.Application.Spider.SupSpiderHotelDateService.ExecSpiderHotelCheckPriceAsync(String otaSupplierId) in D:\products\Offline.Host.Sup\Offline.Sup.Application\Spider\SupSpiderHotelDateService.cs:line 327
2025-05-21 10:23:51,659：爬虫有价查询任务执行失败，酒店Code：169036，错误信息：session not created: Failed to create Chrome process. (SessionNotCreated)
System.InvalidOperationException: session not created: Failed to create Chrome process. (SessionNotCreated)
   at OpenQA.Selenium.WebDriver.UnpackAndThrowOnError(Response errorResponse)
   at OpenQA.Selenium.WebDriver.Execute(String driverCommandToExecute, Dictionary`2 parameters)
   at OpenQA.Selenium.WebDriver.StartSession(ICapabilities desiredCapabilities)
   at OpenQA.Selenium.WebDriver..ctor(ICommandExecutor executor, ICapabilities capabilities)
   at OpenQA.Selenium.Chromium.ChromiumDriver..ctor(ChromiumDriverService service, ChromiumOptions options, TimeSpan commandTimeout)
   at OpenQA.Selenium.Chrome.ChromeDriver..ctor(ChromeDriverService service, ChromeOptions options, TimeSpan commandTimeout)
   at OpenQA.Selenium.Chrome.ChromeDriver..ctor(ChromeOptions options)
   at Offline.Sup.Application.Spider.SpiderAgodaService.RunSpiderAsync(SpiderHotelDateModel model) in D:\products\Offline.Host.Sup\Offline.Sup.Application\Spider\SpiderAgodaService.cs:line 60
   at Offline.Sup.Application.Spider.SupSpiderHotelDateService.ExecSpiderHotelCheckPriceAsync(String otaSupplierId) in D:\products\Offline.Host.Sup\Offline.Sup.Application\Spider\SupSpiderHotelDateService.cs:line 327
2025-05-21 10:23:51,761：爬虫有价查询任务执行失败，酒店Code：169036，错误信息：session not created: Failed to create Chrome process. (SessionNotCreated)
System.InvalidOperationException: session not created: Failed to create Chrome process. (SessionNotCreated)
   at OpenQA.Selenium.WebDriver.UnpackAndThrowOnError(Response errorResponse)
   at OpenQA.Selenium.WebDriver.Execute(String driverCommandToExecute, Dictionary`2 parameters)
   at OpenQA.Selenium.WebDriver.StartSession(ICapabilities desiredCapabilities)
   at OpenQA.Selenium.WebDriver..ctor(ICommandExecutor executor, ICapabilities capabilities)
   at OpenQA.Selenium.Chromium.ChromiumDriver..ctor(ChromiumDriverService service, ChromiumOptions options, TimeSpan commandTimeout)
   at OpenQA.Selenium.Chrome.ChromeDriver..ctor(ChromeDriverService service, ChromeOptions options, TimeSpan commandTimeout)
   at OpenQA.Selenium.Chrome.ChromeDriver..ctor(ChromeOptions options)
   at Offline.Sup.Application.Spider.SpiderAgodaService.RunSpiderAsync(SpiderHotelDateModel model) in D:\products\Offline.Host.Sup\Offline.Sup.Application\Spider\SpiderAgodaService.cs:line 60
   at Offline.Sup.Application.Spider.SupSpiderHotelDateService.ExecSpiderHotelCheckPriceAsync(String otaSupplierId) in D:\products\Offline.Host.Sup\Offline.Sup.Application\Spider\SupSpiderHotelDateService.cs:line 327
2025-05-21 10:23:51,868：爬虫有价查询任务执行失败，酒店Code：169036，错误信息：session not created: Failed to create Chrome process. (SessionNotCreated)
System.InvalidOperationException: session not created: Failed to create Chrome process. (SessionNotCreated)
   at OpenQA.Selenium.WebDriver.UnpackAndThrowOnError(Response errorResponse)
   at OpenQA.Selenium.WebDriver.Execute(String driverCommandToExecute, Dictionary`2 parameters)
   at OpenQA.Selenium.WebDriver.StartSession(ICapabilities desiredCapabilities)
   at OpenQA.Selenium.WebDriver..ctor(ICommandExecutor executor, ICapabilities capabilities)
   at OpenQA.Selenium.Chromium.ChromiumDriver..ctor(ChromiumDriverService service, ChromiumOptions options, TimeSpan commandTimeout)
   at OpenQA.Selenium.Chrome.ChromeDriver..ctor(ChromeDriverService service, ChromeOptions options, TimeSpan commandTimeout)
   at OpenQA.Selenium.Chrome.ChromeDriver..ctor(ChromeOptions options)
   at Offline.Sup.Application.Spider.SpiderAgodaService.RunSpiderAsync(SpiderHotelDateModel model) in D:\products\Offline.Host.Sup\Offline.Sup.Application\Spider\SpiderAgodaService.cs:line 60
   at Offline.Sup.Application.Spider.SupSpiderHotelDateService.ExecSpiderHotelCheckPriceAsync(String otaSupplierId) in D:\products\Offline.Host.Sup\Offline.Sup.Application\Spider\SupSpiderHotelDateService.cs:line 327
2025-05-21 10:23:51,974：爬虫有价查询任务执行失败，酒店Code：59025660，错误信息：session not created: Failed to create Chrome process. (SessionNotCreated)
System.InvalidOperationException: session not created: Failed to create Chrome process. (SessionNotCreated)
   at OpenQA.Selenium.WebDriver.UnpackAndThrowOnError(Response errorResponse)
   at OpenQA.Selenium.WebDriver.Execute(String driverCommandToExecute, Dictionary`2 parameters)
   at OpenQA.Selenium.WebDriver.StartSession(ICapabilities desiredCapabilities)
   at OpenQA.Selenium.WebDriver..ctor(ICommandExecutor executor, ICapabilities capabilities)
   at OpenQA.Selenium.Chromium.ChromiumDriver..ctor(ChromiumDriverService service, ChromiumOptions options, TimeSpan commandTimeout)
   at OpenQA.Selenium.Chrome.ChromeDriver..ctor(ChromeDriverService service, ChromeOptions options, TimeSpan commandTimeout)
   at OpenQA.Selenium.Chrome.ChromeDriver..ctor(ChromeOptions options)
   at Offline.Sup.Application.Spider.SpiderAgodaService.RunSpiderAsync(SpiderHotelDateModel model) in D:\products\Offline.Host.Sup\Offline.Sup.Application\Spider\SpiderAgodaService.cs:line 60
   at Offline.Sup.Application.Spider.SupSpiderHotelDateService.ExecSpiderHotelCheckPriceAsync(String otaSupplierId) in D:\products\Offline.Host.Sup\Offline.Sup.Application\Spider\SupSpiderHotelDateService.cs:line 327
2025-05-21 10:23:52,077：爬虫有价查询任务执行失败，酒店Code：59025660，错误信息：session not created: Failed to create Chrome process. (SessionNotCreated)
System.InvalidOperationException: session not created: Failed to create Chrome process. (SessionNotCreated)
   at OpenQA.Selenium.WebDriver.UnpackAndThrowOnError(Response errorResponse)
   at OpenQA.Selenium.WebDriver.Execute(String driverCommandToExecute, Dictionary`2 parameters)
   at OpenQA.Selenium.WebDriver.StartSession(ICapabilities desiredCapabilities)
   at OpenQA.Selenium.WebDriver..ctor(ICommandExecutor executor, ICapabilities capabilities)
   at OpenQA.Selenium.Chromium.ChromiumDriver..ctor(ChromiumDriverService service, ChromiumOptions options, TimeSpan commandTimeout)
   at OpenQA.Selenium.Chrome.ChromeDriver..ctor(ChromeDriverService service, ChromeOptions options, TimeSpan commandTimeout)
   at OpenQA.Selenium.Chrome.ChromeDriver..ctor(ChromeOptions options)
   at Offline.Sup.Application.Spider.SpiderAgodaService.RunSpiderAsync(SpiderHotelDateModel model) in D:\products\Offline.Host.Sup\Offline.Sup.Application\Spider\SpiderAgodaService.cs:line 60
   at Offline.Sup.Application.Spider.SupSpiderHotelDateService.ExecSpiderHotelCheckPriceAsync(String otaSupplierId) in D:\products\Offline.Host.Sup\Offline.Sup.Application\Spider\SupSpiderHotelDateService.cs:line 327
2025-05-21 10:23:52,185：爬虫有价查询任务执行失败，酒店Code：59025660，错误信息：session not created: Failed to create Chrome process. (SessionNotCreated)
System.InvalidOperationException: session not created: Failed to create Chrome process. (SessionNotCreated)
   at OpenQA.Selenium.WebDriver.UnpackAndThrowOnError(Response errorResponse)
   at OpenQA.Selenium.WebDriver.Execute(String driverCommandToExecute, Dictionary`2 parameters)
   at OpenQA.Selenium.WebDriver.StartSession(ICapabilities desiredCapabilities)
   at OpenQA.Selenium.WebDriver..ctor(ICommandExecutor executor, ICapabilities capabilities)
   at OpenQA.Selenium.Chromium.ChromiumDriver..ctor(ChromiumDriverService service, ChromiumOptions options, TimeSpan commandTimeout)
   at OpenQA.Selenium.Chrome.ChromeDriver..ctor(ChromeDriverService service, ChromeOptions options, TimeSpan commandTimeout)
   at OpenQA.Selenium.Chrome.ChromeDriver..ctor(ChromeOptions options)
   at Offline.Sup.Application.Spider.SpiderAgodaService.RunSpiderAsync(SpiderHotelDateModel model) in D:\products\Offline.Host.Sup\Offline.Sup.Application\Spider\SpiderAgodaService.cs:line 60
   at Offline.Sup.Application.Spider.SupSpiderHotelDateService.ExecSpiderHotelCheckPriceAsync(String otaSupplierId) in D:\products\Offline.Host.Sup\Offline.Sup.Application\Spider\SupSpiderHotelDateService.cs:line 327
2025-05-21 10:23:52,291：爬虫有价查询任务执行失败，酒店Code：59025660，错误信息：session not created: Failed to create Chrome process. (SessionNotCreated)
System.InvalidOperationException: session not created: Failed to create Chrome process. (SessionNotCreated)
   at OpenQA.Selenium.WebDriver.UnpackAndThrowOnError(Response errorResponse)
   at OpenQA.Selenium.WebDriver.Execute(String driverCommandToExecute, Dictionary`2 parameters)
   at OpenQA.Selenium.WebDriver.StartSession(ICapabilities desiredCapabilities)
   at OpenQA.Selenium.WebDriver..ctor(ICommandExecutor executor, ICapabilities capabilities)
   at OpenQA.Selenium.Chromium.ChromiumDriver..ctor(ChromiumDriverService service, ChromiumOptions options, TimeSpan commandTimeout)
   at OpenQA.Selenium.Chrome.ChromeDriver..ctor(ChromeDriverService service, ChromeOptions options, TimeSpan commandTimeout)
   at OpenQA.Selenium.Chrome.ChromeDriver..ctor(ChromeOptions options)
   at Offline.Sup.Application.Spider.SpiderAgodaService.RunSpiderAsync(SpiderHotelDateModel model) in D:\products\Offline.Host.Sup\Offline.Sup.Application\Spider\SpiderAgodaService.cs:line 60
   at Offline.Sup.Application.Spider.SupSpiderHotelDateService.ExecSpiderHotelCheckPriceAsync(String otaSupplierId) in D:\products\Offline.Host.Sup\Offline.Sup.Application\Spider\SupSpiderHotelDateService.cs:line 327
2025-05-21 10:23:52,398：爬虫有价查询任务执行失败，酒店Code：59025660，错误信息：session not created: Failed to create Chrome process. (SessionNotCreated)
System.InvalidOperationException: session not created: Failed to create Chrome process. (SessionNotCreated)
   at OpenQA.Selenium.WebDriver.UnpackAndThrowOnError(Response errorResponse)
   at OpenQA.Selenium.WebDriver.Execute(String driverCommandToExecute, Dictionary`2 parameters)
   at OpenQA.Selenium.WebDriver.StartSession(ICapabilities desiredCapabilities)
   at OpenQA.Selenium.WebDriver..ctor(ICommandExecutor executor, ICapabilities capabilities)
   at OpenQA.Selenium.Chromium.ChromiumDriver..ctor(ChromiumDriverService service, ChromiumOptions options, TimeSpan commandTimeout)
   at OpenQA.Selenium.Chrome.ChromeDriver..ctor(ChromeDriverService service, ChromeOptions options, TimeSpan commandTimeout)
   at OpenQA.Selenium.Chrome.ChromeDriver..ctor(ChromeOptions options)
   at Offline.Sup.Application.Spider.SpiderAgodaService.RunSpiderAsync(SpiderHotelDateModel model) in D:\products\Offline.Host.Sup\Offline.Sup.Application\Spider\SpiderAgodaService.cs:line 60
   at Offline.Sup.Application.Spider.SupSpiderHotelDateService.ExecSpiderHotelCheckPriceAsync(String otaSupplierId) in D:\products\Offline.Host.Sup\Offline.Sup.Application\Spider\SupSpiderHotelDateService.cs:line 327
2025-05-21 10:23:52,505：爬虫有价查询任务执行失败，酒店Code：59025660，错误信息：session not created: Failed to create Chrome process. (SessionNotCreated)
System.InvalidOperationException: session not created: Failed to create Chrome process. (SessionNotCreated)
   at OpenQA.Selenium.WebDriver.UnpackAndThrowOnError(Response errorResponse)
   at OpenQA.Selenium.WebDriver.Execute(String driverCommandToExecute, Dictionary`2 parameters)
   at OpenQA.Selenium.WebDriver.StartSession(ICapabilities desiredCapabilities)
   at OpenQA.Selenium.WebDriver..ctor(ICommandExecutor executor, ICapabilities capabilities)
   at OpenQA.Selenium.Chromium.ChromiumDriver..ctor(ChromiumDriverService service, ChromiumOptions options, TimeSpan commandTimeout)
   at OpenQA.Selenium.Chrome.ChromeDriver..ctor(ChromeDriverService service, ChromeOptions options, TimeSpan commandTimeout)
   at OpenQA.Selenium.Chrome.ChromeDriver..ctor(ChromeOptions options)
   at Offline.Sup.Application.Spider.SpiderAgodaService.RunSpiderAsync(SpiderHotelDateModel model) in D:\products\Offline.Host.Sup\Offline.Sup.Application\Spider\SpiderAgodaService.cs:line 60
   at Offline.Sup.Application.Spider.SupSpiderHotelDateService.ExecSpiderHotelCheckPriceAsync(String otaSupplierId) in D:\products\Offline.Host.Sup\Offline.Sup.Application\Spider\SupSpiderHotelDateService.cs:line 327
2025-05-21 10:23:52,611：爬虫有价查询任务执行失败，酒店Code：59025660，错误信息：session not created: Failed to create Chrome process. (SessionNotCreated)
System.InvalidOperationException: session not created: Failed to create Chrome process. (SessionNotCreated)
   at OpenQA.Selenium.WebDriver.UnpackAndThrowOnError(Response errorResponse)
   at OpenQA.Selenium.WebDriver.Execute(String driverCommandToExecute, Dictionary`2 parameters)
   at OpenQA.Selenium.WebDriver.StartSession(ICapabilities desiredCapabilities)
   at OpenQA.Selenium.WebDriver..ctor(ICommandExecutor executor, ICapabilities capabilities)
   at OpenQA.Selenium.Chromium.ChromiumDriver..ctor(ChromiumDriverService service, ChromiumOptions options, TimeSpan commandTimeout)
   at OpenQA.Selenium.Chrome.ChromeDriver..ctor(ChromeDriverService service, ChromeOptions options, TimeSpan commandTimeout)
   at OpenQA.Selenium.Chrome.ChromeDriver..ctor(ChromeOptions options)
   at Offline.Sup.Application.Spider.SpiderAgodaService.RunSpiderAsync(SpiderHotelDateModel model) in D:\products\Offline.Host.Sup\Offline.Sup.Application\Spider\SpiderAgodaService.cs:line 60
   at Offline.Sup.Application.Spider.SupSpiderHotelDateService.ExecSpiderHotelCheckPriceAsync(String otaSupplierId) in D:\products\Offline.Host.Sup\Offline.Sup.Application\Spider\SupSpiderHotelDateService.cs:line 327
2025-05-21 10:24:21,465：爬虫有价查询任务执行失败，酒店Code：823479，错误信息：session not created: Failed to create Chrome process. (SessionNotCreated)
System.InvalidOperationException: session not created: Failed to create Chrome process. (SessionNotCreated)
   at OpenQA.Selenium.WebDriver.UnpackAndThrowOnError(Response errorResponse)
   at OpenQA.Selenium.WebDriver.Execute(String driverCommandToExecute, Dictionary`2 parameters)
   at OpenQA.Selenium.WebDriver.StartSession(ICapabilities desiredCapabilities)
   at OpenQA.Selenium.WebDriver..ctor(ICommandExecutor executor, ICapabilities capabilities)
   at OpenQA.Selenium.Chromium.ChromiumDriver..ctor(ChromiumDriverService service, ChromiumOptions options, TimeSpan commandTimeout)
   at OpenQA.Selenium.Chrome.ChromeDriver..ctor(ChromeDriverService service, ChromeOptions options, TimeSpan commandTimeout)
   at OpenQA.Selenium.Chrome.ChromeDriver..ctor(ChromeOptions options)
   at Offline.Sup.Application.Spider.SpiderAgodaService.RunSpiderAsync(SpiderHotelDateModel model) in D:\products\Offline.Host.Sup\Offline.Sup.Application\Spider\SpiderAgodaService.cs:line 60
   at Offline.Sup.Application.Spider.SupSpiderHotelDateService.ExecSpiderHotelCheckPriceAsync(String otaSupplierId) in D:\products\Offline.Host.Sup\Offline.Sup.Application\Spider\SupSpiderHotelDateService.cs:line 327
2025-05-21 10:24:21,576：爬虫有价查询任务执行失败，酒店Code：823479，错误信息：session not created: Failed to create Chrome process. (SessionNotCreated)
System.InvalidOperationException: session not created: Failed to create Chrome process. (SessionNotCreated)
   at OpenQA.Selenium.WebDriver.UnpackAndThrowOnError(Response errorResponse)
   at OpenQA.Selenium.WebDriver.Execute(String driverCommandToExecute, Dictionary`2 parameters)
   at OpenQA.Selenium.WebDriver.StartSession(ICapabilities desiredCapabilities)
   at OpenQA.Selenium.WebDriver..ctor(ICommandExecutor executor, ICapabilities capabilities)
   at OpenQA.Selenium.Chromium.ChromiumDriver..ctor(ChromiumDriverService service, ChromiumOptions options, TimeSpan commandTimeout)
   at OpenQA.Selenium.Chrome.ChromeDriver..ctor(ChromeDriverService service, ChromeOptions options, TimeSpan commandTimeout)
   at OpenQA.Selenium.Chrome.ChromeDriver..ctor(ChromeOptions options)
   at Offline.Sup.Application.Spider.SpiderAgodaService.RunSpiderAsync(SpiderHotelDateModel model) in D:\products\Offline.Host.Sup\Offline.Sup.Application\Spider\SpiderAgodaService.cs:line 60
   at Offline.Sup.Application.Spider.SupSpiderHotelDateService.ExecSpiderHotelCheckPriceAsync(String otaSupplierId) in D:\products\Offline.Host.Sup\Offline.Sup.Application\Spider\SupSpiderHotelDateService.cs:line 327
2025-05-21 10:24:21,685：爬虫有价查询任务执行失败，酒店Code：823479，错误信息：session not created: Failed to create Chrome process. (SessionNotCreated)
System.InvalidOperationException: session not created: Failed to create Chrome process. (SessionNotCreated)
   at OpenQA.Selenium.WebDriver.UnpackAndThrowOnError(Response errorResponse)
   at OpenQA.Selenium.WebDriver.Execute(String driverCommandToExecute, Dictionary`2 parameters)
   at OpenQA.Selenium.WebDriver.StartSession(ICapabilities desiredCapabilities)
   at OpenQA.Selenium.WebDriver..ctor(ICommandExecutor executor, ICapabilities capabilities)
   at OpenQA.Selenium.Chromium.ChromiumDriver..ctor(ChromiumDriverService service, ChromiumOptions options, TimeSpan commandTimeout)
   at OpenQA.Selenium.Chrome.ChromeDriver..ctor(ChromeDriverService service, ChromeOptions options, TimeSpan commandTimeout)
   at OpenQA.Selenium.Chrome.ChromeDriver..ctor(ChromeOptions options)
   at Offline.Sup.Application.Spider.SpiderAgodaService.RunSpiderAsync(SpiderHotelDateModel model) in D:\products\Offline.Host.Sup\Offline.Sup.Application\Spider\SpiderAgodaService.cs:line 60
   at Offline.Sup.Application.Spider.SupSpiderHotelDateService.ExecSpiderHotelCheckPriceAsync(String otaSupplierId) in D:\products\Offline.Host.Sup\Offline.Sup.Application\Spider\SupSpiderHotelDateService.cs:line 327
2025-05-21 10:24:21,792：爬虫有价查询任务执行失败，酒店Code：823479，错误信息：session not created: Failed to create Chrome process. (SessionNotCreated)
System.InvalidOperationException: session not created: Failed to create Chrome process. (SessionNotCreated)
   at OpenQA.Selenium.WebDriver.UnpackAndThrowOnError(Response errorResponse)
   at OpenQA.Selenium.WebDriver.Execute(String driverCommandToExecute, Dictionary`2 parameters)
   at OpenQA.Selenium.WebDriver.StartSession(ICapabilities desiredCapabilities)
   at OpenQA.Selenium.WebDriver..ctor(ICommandExecutor executor, ICapabilities capabilities)
   at OpenQA.Selenium.Chromium.ChromiumDriver..ctor(ChromiumDriverService service, ChromiumOptions options, TimeSpan commandTimeout)
   at OpenQA.Selenium.Chrome.ChromeDriver..ctor(ChromeDriverService service, ChromeOptions options, TimeSpan commandTimeout)
   at OpenQA.Selenium.Chrome.ChromeDriver..ctor(ChromeOptions options)
   at Offline.Sup.Application.Spider.SpiderAgodaService.RunSpiderAsync(SpiderHotelDateModel model) in D:\products\Offline.Host.Sup\Offline.Sup.Application\Spider\SpiderAgodaService.cs:line 60
   at Offline.Sup.Application.Spider.SupSpiderHotelDateService.ExecSpiderHotelCheckPriceAsync(String otaSupplierId) in D:\products\Offline.Host.Sup\Offline.Sup.Application\Spider\SupSpiderHotelDateService.cs:line 327
2025-05-21 10:24:21,906：爬虫有价查询任务执行失败，酒店Code：823479，错误信息：session not created: Failed to create Chrome process. (SessionNotCreated)
System.InvalidOperationException: session not created: Failed to create Chrome process. (SessionNotCreated)
   at OpenQA.Selenium.WebDriver.UnpackAndThrowOnError(Response errorResponse)
   at OpenQA.Selenium.WebDriver.Execute(String driverCommandToExecute, Dictionary`2 parameters)
   at OpenQA.Selenium.WebDriver.StartSession(ICapabilities desiredCapabilities)
   at OpenQA.Selenium.WebDriver..ctor(ICommandExecutor executor, ICapabilities capabilities)
   at OpenQA.Selenium.Chromium.ChromiumDriver..ctor(ChromiumDriverService service, ChromiumOptions options, TimeSpan commandTimeout)
   at OpenQA.Selenium.Chrome.ChromeDriver..ctor(ChromeDriverService service, ChromeOptions options, TimeSpan commandTimeout)
   at OpenQA.Selenium.Chrome.ChromeDriver..ctor(ChromeOptions options)
   at Offline.Sup.Application.Spider.SpiderAgodaService.RunSpiderAsync(SpiderHotelDateModel model) in D:\products\Offline.Host.Sup\Offline.Sup.Application\Spider\SpiderAgodaService.cs:line 60
   at Offline.Sup.Application.Spider.SupSpiderHotelDateService.ExecSpiderHotelCheckPriceAsync(String otaSupplierId) in D:\products\Offline.Host.Sup\Offline.Sup.Application\Spider\SupSpiderHotelDateService.cs:line 327
2025-05-21 10:24:22,008：爬虫有价查询任务执行失败，酒店Code：823479，错误信息：session not created: Failed to create Chrome process. (SessionNotCreated)
System.InvalidOperationException: session not created: Failed to create Chrome process. (SessionNotCreated)
   at OpenQA.Selenium.WebDriver.UnpackAndThrowOnError(Response errorResponse)
   at OpenQA.Selenium.WebDriver.Execute(String driverCommandToExecute, Dictionary`2 parameters)
   at OpenQA.Selenium.WebDriver.StartSession(ICapabilities desiredCapabilities)
   at OpenQA.Selenium.WebDriver..ctor(ICommandExecutor executor, ICapabilities capabilities)
   at OpenQA.Selenium.Chromium.ChromiumDriver..ctor(ChromiumDriverService service, ChromiumOptions options, TimeSpan commandTimeout)
   at OpenQA.Selenium.Chrome.ChromeDriver..ctor(ChromeDriverService service, ChromeOptions options, TimeSpan commandTimeout)
   at OpenQA.Selenium.Chrome.ChromeDriver..ctor(ChromeOptions options)
   at Offline.Sup.Application.Spider.SpiderAgodaService.RunSpiderAsync(SpiderHotelDateModel model) in D:\products\Offline.Host.Sup\Offline.Sup.Application\Spider\SpiderAgodaService.cs:line 60
   at Offline.Sup.Application.Spider.SupSpiderHotelDateService.ExecSpiderHotelCheckPriceAsync(String otaSupplierId) in D:\products\Offline.Host.Sup\Offline.Sup.Application\Spider\SupSpiderHotelDateService.cs:line 327
2025-05-21 10:24:22,112：爬虫有价查询任务执行失败，酒店Code：823479，错误信息：session not created: Failed to create Chrome process. (SessionNotCreated)
System.InvalidOperationException: session not created: Failed to create Chrome process. (SessionNotCreated)
   at OpenQA.Selenium.WebDriver.UnpackAndThrowOnError(Response errorResponse)
   at OpenQA.Selenium.WebDriver.Execute(String driverCommandToExecute, Dictionary`2 parameters)
   at OpenQA.Selenium.WebDriver.StartSession(ICapabilities desiredCapabilities)
   at OpenQA.Selenium.WebDriver..ctor(ICommandExecutor executor, ICapabilities capabilities)
   at OpenQA.Selenium.Chromium.ChromiumDriver..ctor(ChromiumDriverService service, ChromiumOptions options, TimeSpan commandTimeout)
   at OpenQA.Selenium.Chrome.ChromeDriver..ctor(ChromeDriverService service, ChromeOptions options, TimeSpan commandTimeout)
   at OpenQA.Selenium.Chrome.ChromeDriver..ctor(ChromeOptions options)
   at Offline.Sup.Application.Spider.SpiderAgodaService.RunSpiderAsync(SpiderHotelDateModel model) in D:\products\Offline.Host.Sup\Offline.Sup.Application\Spider\SpiderAgodaService.cs:line 60
   at Offline.Sup.Application.Spider.SupSpiderHotelDateService.ExecSpiderHotelCheckPriceAsync(String otaSupplierId) in D:\products\Offline.Host.Sup\Offline.Sup.Application\Spider\SupSpiderHotelDateService.cs:line 327
2025-05-21 10:24:22,220：爬虫有价查询任务执行失败，酒店Code：823479，错误信息：session not created: Failed to create Chrome process. (SessionNotCreated)
System.InvalidOperationException: session not created: Failed to create Chrome process. (SessionNotCreated)
   at OpenQA.Selenium.WebDriver.UnpackAndThrowOnError(Response errorResponse)
   at OpenQA.Selenium.WebDriver.Execute(String driverCommandToExecute, Dictionary`2 parameters)
   at OpenQA.Selenium.WebDriver.StartSession(ICapabilities desiredCapabilities)
   at OpenQA.Selenium.WebDriver..ctor(ICommandExecutor executor, ICapabilities capabilities)
   at OpenQA.Selenium.Chromium.ChromiumDriver..ctor(ChromiumDriverService service, ChromiumOptions options, TimeSpan commandTimeout)
   at OpenQA.Selenium.Chrome.ChromeDriver..ctor(ChromeDriverService service, ChromeOptions options, TimeSpan commandTimeout)
   at OpenQA.Selenium.Chrome.ChromeDriver..ctor(ChromeOptions options)
   at Offline.Sup.Application.Spider.SpiderAgodaService.RunSpiderAsync(SpiderHotelDateModel model) in D:\products\Offline.Host.Sup\Offline.Sup.Application\Spider\SpiderAgodaService.cs:line 60
   at Offline.Sup.Application.Spider.SupSpiderHotelDateService.ExecSpiderHotelCheckPriceAsync(String otaSupplierId) in D:\products\Offline.Host.Sup\Offline.Sup.Application\Spider\SupSpiderHotelDateService.cs:line 327
2025-05-21 10:24:22,319：爬虫有价查询任务执行失败，酒店Code：55268476，错误信息：session not created: Failed to create Chrome process. (SessionNotCreated)
System.InvalidOperationException: session not created: Failed to create Chrome process. (SessionNotCreated)
   at OpenQA.Selenium.WebDriver.UnpackAndThrowOnError(Response errorResponse)
   at OpenQA.Selenium.WebDriver.Execute(String driverCommandToExecute, Dictionary`2 parameters)
   at OpenQA.Selenium.WebDriver.StartSession(ICapabilities desiredCapabilities)
   at OpenQA.Selenium.WebDriver..ctor(ICommandExecutor executor, ICapabilities capabilities)
   at OpenQA.Selenium.Chromium.ChromiumDriver..ctor(ChromiumDriverService service, ChromiumOptions options, TimeSpan commandTimeout)
   at OpenQA.Selenium.Chrome.ChromeDriver..ctor(ChromeDriverService service, ChromeOptions options, TimeSpan commandTimeout)
   at OpenQA.Selenium.Chrome.ChromeDriver..ctor(ChromeOptions options)
   at Offline.Sup.Application.Spider.SpiderAgodaService.RunSpiderAsync(SpiderHotelDateModel model) in D:\products\Offline.Host.Sup\Offline.Sup.Application\Spider\SpiderAgodaService.cs:line 60
   at Offline.Sup.Application.Spider.SupSpiderHotelDateService.ExecSpiderHotelCheckPriceAsync(String otaSupplierId) in D:\products\Offline.Host.Sup\Offline.Sup.Application\Spider\SupSpiderHotelDateService.cs:line 327
2025-05-21 10:24:22,429：爬虫有价查询任务执行失败，酒店Code：55268476，错误信息：session not created: Failed to create Chrome process. (SessionNotCreated)
System.InvalidOperationException: session not created: Failed to create Chrome process. (SessionNotCreated)
   at OpenQA.Selenium.WebDriver.UnpackAndThrowOnError(Response errorResponse)
   at OpenQA.Selenium.WebDriver.Execute(String driverCommandToExecute, Dictionary`2 parameters)
   at OpenQA.Selenium.WebDriver.StartSession(ICapabilities desiredCapabilities)
   at OpenQA.Selenium.WebDriver..ctor(ICommandExecutor executor, ICapabilities capabilities)
   at OpenQA.Selenium.Chromium.ChromiumDriver..ctor(ChromiumDriverService service, ChromiumOptions options, TimeSpan commandTimeout)
   at OpenQA.Selenium.Chrome.ChromeDriver..ctor(ChromeDriverService service, ChromeOptions options, TimeSpan commandTimeout)
   at OpenQA.Selenium.Chrome.ChromeDriver..ctor(ChromeOptions options)
   at Offline.Sup.Application.Spider.SpiderAgodaService.RunSpiderAsync(SpiderHotelDateModel model) in D:\products\Offline.Host.Sup\Offline.Sup.Application\Spider\SpiderAgodaService.cs:line 60
   at Offline.Sup.Application.Spider.SupSpiderHotelDateService.ExecSpiderHotelCheckPriceAsync(String otaSupplierId) in D:\products\Offline.Host.Sup\Offline.Sup.Application\Spider\SupSpiderHotelDateService.cs:line 327
2025-05-21 10:24:22,534：爬虫有价查询任务执行失败，酒店Code：55268476，错误信息：session not created: Failed to create Chrome process. (SessionNotCreated)
System.InvalidOperationException: session not created: Failed to create Chrome process. (SessionNotCreated)
   at OpenQA.Selenium.WebDriver.UnpackAndThrowOnError(Response errorResponse)
   at OpenQA.Selenium.WebDriver.Execute(String driverCommandToExecute, Dictionary`2 parameters)
   at OpenQA.Selenium.WebDriver.StartSession(ICapabilities desiredCapabilities)
   at OpenQA.Selenium.WebDriver..ctor(ICommandExecutor executor, ICapabilities capabilities)
   at OpenQA.Selenium.Chromium.ChromiumDriver..ctor(ChromiumDriverService service, ChromiumOptions options, TimeSpan commandTimeout)
   at OpenQA.Selenium.Chrome.ChromeDriver..ctor(ChromeDriverService service, ChromeOptions options, TimeSpan commandTimeout)
   at OpenQA.Selenium.Chrome.ChromeDriver..ctor(ChromeOptions options)
   at Offline.Sup.Application.Spider.SpiderAgodaService.RunSpiderAsync(SpiderHotelDateModel model) in D:\products\Offline.Host.Sup\Offline.Sup.Application\Spider\SpiderAgodaService.cs:line 60
   at Offline.Sup.Application.Spider.SupSpiderHotelDateService.ExecSpiderHotelCheckPriceAsync(String otaSupplierId) in D:\products\Offline.Host.Sup\Offline.Sup.Application\Spider\SupSpiderHotelDateService.cs:line 327
2025-05-21 10:24:22,636：爬虫有价查询任务执行失败，酒店Code：55268476，错误信息：session not created: Failed to create Chrome process. (SessionNotCreated)
System.InvalidOperationException: session not created: Failed to create Chrome process. (SessionNotCreated)
   at OpenQA.Selenium.WebDriver.UnpackAndThrowOnError(Response errorResponse)
   at OpenQA.Selenium.WebDriver.Execute(String driverCommandToExecute, Dictionary`2 parameters)
   at OpenQA.Selenium.WebDriver.StartSession(ICapabilities desiredCapabilities)
   at OpenQA.Selenium.WebDriver..ctor(ICommandExecutor executor, ICapabilities capabilities)
   at OpenQA.Selenium.Chromium.ChromiumDriver..ctor(ChromiumDriverService service, ChromiumOptions options, TimeSpan commandTimeout)
   at OpenQA.Selenium.Chrome.ChromeDriver..ctor(ChromeDriverService service, ChromeOptions options, TimeSpan commandTimeout)
   at OpenQA.Selenium.Chrome.ChromeDriver..ctor(ChromeOptions options)
   at Offline.Sup.Application.Spider.SpiderAgodaService.RunSpiderAsync(SpiderHotelDateModel model) in D:\products\Offline.Host.Sup\Offline.Sup.Application\Spider\SpiderAgodaService.cs:line 60
   at Offline.Sup.Application.Spider.SupSpiderHotelDateService.ExecSpiderHotelCheckPriceAsync(String otaSupplierId) in D:\products\Offline.Host.Sup\Offline.Sup.Application\Spider\SupSpiderHotelDateService.cs:line 327
2025-05-21 10:24:22,741：爬虫有价查询任务执行失败，酒店Code：55268476，错误信息：session not created: Failed to create Chrome process. (SessionNotCreated)
System.InvalidOperationException: session not created: Failed to create Chrome process. (SessionNotCreated)
   at OpenQA.Selenium.WebDriver.UnpackAndThrowOnError(Response errorResponse)
   at OpenQA.Selenium.WebDriver.Execute(String driverCommandToExecute, Dictionary`2 parameters)
   at OpenQA.Selenium.WebDriver.StartSession(ICapabilities desiredCapabilities)
   at OpenQA.Selenium.WebDriver..ctor(ICommandExecutor executor, ICapabilities capabilities)
   at OpenQA.Selenium.Chromium.ChromiumDriver..ctor(ChromiumDriverService service, ChromiumOptions options, TimeSpan commandTimeout)
   at OpenQA.Selenium.Chrome.ChromeDriver..ctor(ChromeDriverService service, ChromeOptions options, TimeSpan commandTimeout)
   at OpenQA.Selenium.Chrome.ChromeDriver..ctor(ChromeOptions options)
   at Offline.Sup.Application.Spider.SpiderAgodaService.RunSpiderAsync(SpiderHotelDateModel model) in D:\products\Offline.Host.Sup\Offline.Sup.Application\Spider\SpiderAgodaService.cs:line 60
   at Offline.Sup.Application.Spider.SupSpiderHotelDateService.ExecSpiderHotelCheckPriceAsync(String otaSupplierId) in D:\products\Offline.Host.Sup\Offline.Sup.Application\Spider\SupSpiderHotelDateService.cs:line 327
2025-05-21 10:24:22,842：爬虫有价查询任务执行失败，酒店Code：55268476，错误信息：session not created: Failed to create Chrome process. (SessionNotCreated)
System.InvalidOperationException: session not created: Failed to create Chrome process. (SessionNotCreated)
   at OpenQA.Selenium.WebDriver.UnpackAndThrowOnError(Response errorResponse)
   at OpenQA.Selenium.WebDriver.Execute(String driverCommandToExecute, Dictionary`2 parameters)
   at OpenQA.Selenium.WebDriver.StartSession(ICapabilities desiredCapabilities)
   at OpenQA.Selenium.WebDriver..ctor(ICommandExecutor executor, ICapabilities capabilities)
   at OpenQA.Selenium.Chromium.ChromiumDriver..ctor(ChromiumDriverService service, ChromiumOptions options, TimeSpan commandTimeout)
   at OpenQA.Selenium.Chrome.ChromeDriver..ctor(ChromeDriverService service, ChromeOptions options, TimeSpan commandTimeout)
   at OpenQA.Selenium.Chrome.ChromeDriver..ctor(ChromeOptions options)
   at Offline.Sup.Application.Spider.SpiderAgodaService.RunSpiderAsync(SpiderHotelDateModel model) in D:\products\Offline.Host.Sup\Offline.Sup.Application\Spider\SpiderAgodaService.cs:line 60
   at Offline.Sup.Application.Spider.SupSpiderHotelDateService.ExecSpiderHotelCheckPriceAsync(String otaSupplierId) in D:\products\Offline.Host.Sup\Offline.Sup.Application\Spider\SupSpiderHotelDateService.cs:line 327
2025-05-21 10:24:22,944：爬虫有价查询任务执行失败，酒店Code：55268476，错误信息：session not created: Failed to create Chrome process. (SessionNotCreated)
System.InvalidOperationException: session not created: Failed to create Chrome process. (SessionNotCreated)
   at OpenQA.Selenium.WebDriver.UnpackAndThrowOnError(Response errorResponse)
   at OpenQA.Selenium.WebDriver.Execute(String driverCommandToExecute, Dictionary`2 parameters)
   at OpenQA.Selenium.WebDriver.StartSession(ICapabilities desiredCapabilities)
   at OpenQA.Selenium.WebDriver..ctor(ICommandExecutor executor, ICapabilities capabilities)
   at OpenQA.Selenium.Chromium.ChromiumDriver..ctor(ChromiumDriverService service, ChromiumOptions options, TimeSpan commandTimeout)
   at OpenQA.Selenium.Chrome.ChromeDriver..ctor(ChromeDriverService service, ChromeOptions options, TimeSpan commandTimeout)
   at OpenQA.Selenium.Chrome.ChromeDriver..ctor(ChromeOptions options)
   at Offline.Sup.Application.Spider.SpiderAgodaService.RunSpiderAsync(SpiderHotelDateModel model) in D:\products\Offline.Host.Sup\Offline.Sup.Application\Spider\SpiderAgodaService.cs:line 60
   at Offline.Sup.Application.Spider.SupSpiderHotelDateService.ExecSpiderHotelCheckPriceAsync(String otaSupplierId) in D:\products\Offline.Host.Sup\Offline.Sup.Application\Spider\SupSpiderHotelDateService.cs:line 327
2025-05-21 10:24:23,048：爬虫有价查询任务执行失败，酒店Code：55268476，错误信息：session not created: Failed to create Chrome process. (SessionNotCreated)
System.InvalidOperationException: session not created: Failed to create Chrome process. (SessionNotCreated)
   at OpenQA.Selenium.WebDriver.UnpackAndThrowOnError(Response errorResponse)
   at OpenQA.Selenium.WebDriver.Execute(String driverCommandToExecute, Dictionary`2 parameters)
   at OpenQA.Selenium.WebDriver.StartSession(ICapabilities desiredCapabilities)
   at OpenQA.Selenium.WebDriver..ctor(ICommandExecutor executor, ICapabilities capabilities)
   at OpenQA.Selenium.Chromium.ChromiumDriver..ctor(ChromiumDriverService service, ChromiumOptions options, TimeSpan commandTimeout)
   at OpenQA.Selenium.Chrome.ChromeDriver..ctor(ChromeDriverService service, ChromeOptions options, TimeSpan commandTimeout)
   at OpenQA.Selenium.Chrome.ChromeDriver..ctor(ChromeOptions options)
   at Offline.Sup.Application.Spider.SpiderAgodaService.RunSpiderAsync(SpiderHotelDateModel model) in D:\products\Offline.Host.Sup\Offline.Sup.Application\Spider\SpiderAgodaService.cs:line 60
   at Offline.Sup.Application.Spider.SupSpiderHotelDateService.ExecSpiderHotelCheckPriceAsync(String otaSupplierId) in D:\products\Offline.Host.Sup\Offline.Sup.Application\Spider\SupSpiderHotelDateService.cs:line 327
2025-05-21 10:24:23,150：爬虫有价查询任务执行失败，酒店Code：55268476，错误信息：session not created: Failed to create Chrome process. (SessionNotCreated)
System.InvalidOperationException: session not created: Failed to create Chrome process. (SessionNotCreated)
   at OpenQA.Selenium.WebDriver.UnpackAndThrowOnError(Response errorResponse)
   at OpenQA.Selenium.WebDriver.Execute(String driverCommandToExecute, Dictionary`2 parameters)
   at OpenQA.Selenium.WebDriver.StartSession(ICapabilities desiredCapabilities)
   at OpenQA.Selenium.WebDriver..ctor(ICommandExecutor executor, ICapabilities capabilities)
   at OpenQA.Selenium.Chromium.ChromiumDriver..ctor(ChromiumDriverService service, ChromiumOptions options, TimeSpan commandTimeout)
   at OpenQA.Selenium.Chrome.ChromeDriver..ctor(ChromeDriverService service, ChromeOptions options, TimeSpan commandTimeout)
   at OpenQA.Selenium.Chrome.ChromeDriver..ctor(ChromeOptions options)
   at Offline.Sup.Application.Spider.SpiderAgodaService.RunSpiderAsync(SpiderHotelDateModel model) in D:\products\Offline.Host.Sup\Offline.Sup.Application\Spider\SpiderAgodaService.cs:line 60
   at Offline.Sup.Application.Spider.SupSpiderHotelDateService.ExecSpiderHotelCheckPriceAsync(String otaSupplierId) in D:\products\Offline.Host.Sup\Offline.Sup.Application\Spider\SupSpiderHotelDateService.cs:line 327
2025-05-21 10:24:23,252：爬虫有价查询任务执行失败，酒店Code：55268476，错误信息：session not created: Failed to create Chrome process. (SessionNotCreated)
System.InvalidOperationException: session not created: Failed to create Chrome process. (SessionNotCreated)
   at OpenQA.Selenium.WebDriver.UnpackAndThrowOnError(Response errorResponse)
   at OpenQA.Selenium.WebDriver.Execute(String driverCommandToExecute, Dictionary`2 parameters)
   at OpenQA.Selenium.WebDriver.StartSession(ICapabilities desiredCapabilities)
   at OpenQA.Selenium.WebDriver..ctor(ICommandExecutor executor, ICapabilities capabilities)
   at OpenQA.Selenium.Chromium.ChromiumDriver..ctor(ChromiumDriverService service, ChromiumOptions options, TimeSpan commandTimeout)
   at OpenQA.Selenium.Chrome.ChromeDriver..ctor(ChromeDriverService service, ChromeOptions options, TimeSpan commandTimeout)
   at OpenQA.Selenium.Chrome.ChromeDriver..ctor(ChromeOptions options)
   at Offline.Sup.Application.Spider.SpiderAgodaService.RunSpiderAsync(SpiderHotelDateModel model) in D:\products\Offline.Host.Sup\Offline.Sup.Application\Spider\SpiderAgodaService.cs:line 60
   at Offline.Sup.Application.Spider.SupSpiderHotelDateService.ExecSpiderHotelCheckPriceAsync(String otaSupplierId) in D:\products\Offline.Host.Sup\Offline.Sup.Application\Spider\SupSpiderHotelDateService.cs:line 327
2025-05-21 10:24:23,357：爬虫有价查询任务执行失败，酒店Code：55268476，错误信息：session not created: Failed to create Chrome process. (SessionNotCreated)
System.InvalidOperationException: session not created: Failed to create Chrome process. (SessionNotCreated)
   at OpenQA.Selenium.WebDriver.UnpackAndThrowOnError(Response errorResponse)
   at OpenQA.Selenium.WebDriver.Execute(String driverCommandToExecute, Dictionary`2 parameters)
   at OpenQA.Selenium.WebDriver.StartSession(ICapabilities desiredCapabilities)
   at OpenQA.Selenium.WebDriver..ctor(ICommandExecutor executor, ICapabilities capabilities)
   at OpenQA.Selenium.Chromium.ChromiumDriver..ctor(ChromiumDriverService service, ChromiumOptions options, TimeSpan commandTimeout)
   at OpenQA.Selenium.Chrome.ChromeDriver..ctor(ChromeDriverService service, ChromeOptions options, TimeSpan commandTimeout)
   at OpenQA.Selenium.Chrome.ChromeDriver..ctor(ChromeOptions options)
   at Offline.Sup.Application.Spider.SpiderAgodaService.RunSpiderAsync(SpiderHotelDateModel model) in D:\products\Offline.Host.Sup\Offline.Sup.Application\Spider\SpiderAgodaService.cs:line 60
   at Offline.Sup.Application.Spider.SupSpiderHotelDateService.ExecSpiderHotelCheckPriceAsync(String otaSupplierId) in D:\products\Offline.Host.Sup\Offline.Sup.Application\Spider\SupSpiderHotelDateService.cs:line 327
2025-05-21 10:24:23,463：爬虫有价查询任务执行失败，酒店Code：55268476，错误信息：session not created: Failed to create Chrome process. (SessionNotCreated)
System.InvalidOperationException: session not created: Failed to create Chrome process. (SessionNotCreated)
   at OpenQA.Selenium.WebDriver.UnpackAndThrowOnError(Response errorResponse)
   at OpenQA.Selenium.WebDriver.Execute(String driverCommandToExecute, Dictionary`2 parameters)
   at OpenQA.Selenium.WebDriver.StartSession(ICapabilities desiredCapabilities)
   at OpenQA.Selenium.WebDriver..ctor(ICommandExecutor executor, ICapabilities capabilities)
   at OpenQA.Selenium.Chromium.ChromiumDriver..ctor(ChromiumDriverService service, ChromiumOptions options, TimeSpan commandTimeout)
   at OpenQA.Selenium.Chrome.ChromeDriver..ctor(ChromeDriverService service, ChromeOptions options, TimeSpan commandTimeout)
   at OpenQA.Selenium.Chrome.ChromeDriver..ctor(ChromeOptions options)
   at Offline.Sup.Application.Spider.SpiderAgodaService.RunSpiderAsync(SpiderHotelDateModel model) in D:\products\Offline.Host.Sup\Offline.Sup.Application\Spider\SpiderAgodaService.cs:line 60
   at Offline.Sup.Application.Spider.SupSpiderHotelDateService.ExecSpiderHotelCheckPriceAsync(String otaSupplierId) in D:\products\Offline.Host.Sup\Offline.Sup.Application\Spider\SupSpiderHotelDateService.cs:line 327
2025-05-21 10:24:23,568：爬虫有价查询任务执行失败，酒店Code：169036，错误信息：session not created: Failed to create Chrome process. (SessionNotCreated)
System.InvalidOperationException: session not created: Failed to create Chrome process. (SessionNotCreated)
   at OpenQA.Selenium.WebDriver.UnpackAndThrowOnError(Response errorResponse)
   at OpenQA.Selenium.WebDriver.Execute(String driverCommandToExecute, Dictionary`2 parameters)
   at OpenQA.Selenium.WebDriver.StartSession(ICapabilities desiredCapabilities)
   at OpenQA.Selenium.WebDriver..ctor(ICommandExecutor executor, ICapabilities capabilities)
   at OpenQA.Selenium.Chromium.ChromiumDriver..ctor(ChromiumDriverService service, ChromiumOptions options, TimeSpan commandTimeout)
   at OpenQA.Selenium.Chrome.ChromeDriver..ctor(ChromeDriverService service, ChromeOptions options, TimeSpan commandTimeout)
   at OpenQA.Selenium.Chrome.ChromeDriver..ctor(ChromeOptions options)
   at Offline.Sup.Application.Spider.SpiderAgodaService.RunSpiderAsync(SpiderHotelDateModel model) in D:\products\Offline.Host.Sup\Offline.Sup.Application\Spider\SpiderAgodaService.cs:line 60
   at Offline.Sup.Application.Spider.SupSpiderHotelDateService.ExecSpiderHotelCheckPriceAsync(String otaSupplierId) in D:\products\Offline.Host.Sup\Offline.Sup.Application\Spider\SupSpiderHotelDateService.cs:line 327
2025-05-21 10:24:23,679：爬虫有价查询任务执行失败，酒店Code：169036，错误信息：session not created: Failed to create Chrome process. (SessionNotCreated)
System.InvalidOperationException: session not created: Failed to create Chrome process. (SessionNotCreated)
   at OpenQA.Selenium.WebDriver.UnpackAndThrowOnError(Response errorResponse)
   at OpenQA.Selenium.WebDriver.Execute(String driverCommandToExecute, Dictionary`2 parameters)
   at OpenQA.Selenium.WebDriver.StartSession(ICapabilities desiredCapabilities)
   at OpenQA.Selenium.WebDriver..ctor(ICommandExecutor executor, ICapabilities capabilities)
   at OpenQA.Selenium.Chromium.ChromiumDriver..ctor(ChromiumDriverService service, ChromiumOptions options, TimeSpan commandTimeout)
   at OpenQA.Selenium.Chrome.ChromeDriver..ctor(ChromeDriverService service, ChromeOptions options, TimeSpan commandTimeout)
   at OpenQA.Selenium.Chrome.ChromeDriver..ctor(ChromeOptions options)
   at Offline.Sup.Application.Spider.SpiderAgodaService.RunSpiderAsync(SpiderHotelDateModel model) in D:\products\Offline.Host.Sup\Offline.Sup.Application\Spider\SpiderAgodaService.cs:line 60
   at Offline.Sup.Application.Spider.SupSpiderHotelDateService.ExecSpiderHotelCheckPriceAsync(String otaSupplierId) in D:\products\Offline.Host.Sup\Offline.Sup.Application\Spider\SupSpiderHotelDateService.cs:line 327
2025-05-21 10:24:23,779：爬虫有价查询任务执行失败，酒店Code：169036，错误信息：session not created: Failed to create Chrome process. (SessionNotCreated)
System.InvalidOperationException: session not created: Failed to create Chrome process. (SessionNotCreated)
   at OpenQA.Selenium.WebDriver.UnpackAndThrowOnError(Response errorResponse)
   at OpenQA.Selenium.WebDriver.Execute(String driverCommandToExecute, Dictionary`2 parameters)
   at OpenQA.Selenium.WebDriver.StartSession(ICapabilities desiredCapabilities)
   at OpenQA.Selenium.WebDriver..ctor(ICommandExecutor executor, ICapabilities capabilities)
   at OpenQA.Selenium.Chromium.ChromiumDriver..ctor(ChromiumDriverService service, ChromiumOptions options, TimeSpan commandTimeout)
   at OpenQA.Selenium.Chrome.ChromeDriver..ctor(ChromeDriverService service, ChromeOptions options, TimeSpan commandTimeout)
   at OpenQA.Selenium.Chrome.ChromeDriver..ctor(ChromeOptions options)
   at Offline.Sup.Application.Spider.SpiderAgodaService.RunSpiderAsync(SpiderHotelDateModel model) in D:\products\Offline.Host.Sup\Offline.Sup.Application\Spider\SpiderAgodaService.cs:line 60
   at Offline.Sup.Application.Spider.SupSpiderHotelDateService.ExecSpiderHotelCheckPriceAsync(String otaSupplierId) in D:\products\Offline.Host.Sup\Offline.Sup.Application\Spider\SupSpiderHotelDateService.cs:line 327
2025-05-21 10:24:23,884：爬虫有价查询任务执行失败，酒店Code：59025660，错误信息：session not created: Failed to create Chrome process. (SessionNotCreated)
System.InvalidOperationException: session not created: Failed to create Chrome process. (SessionNotCreated)
   at OpenQA.Selenium.WebDriver.UnpackAndThrowOnError(Response errorResponse)
   at OpenQA.Selenium.WebDriver.Execute(String driverCommandToExecute, Dictionary`2 parameters)
   at OpenQA.Selenium.WebDriver.StartSession(ICapabilities desiredCapabilities)
   at OpenQA.Selenium.WebDriver..ctor(ICommandExecutor executor, ICapabilities capabilities)
   at OpenQA.Selenium.Chromium.ChromiumDriver..ctor(ChromiumDriverService service, ChromiumOptions options, TimeSpan commandTimeout)
   at OpenQA.Selenium.Chrome.ChromeDriver..ctor(ChromeDriverService service, ChromeOptions options, TimeSpan commandTimeout)
   at OpenQA.Selenium.Chrome.ChromeDriver..ctor(ChromeOptions options)
   at Offline.Sup.Application.Spider.SpiderAgodaService.RunSpiderAsync(SpiderHotelDateModel model) in D:\products\Offline.Host.Sup\Offline.Sup.Application\Spider\SpiderAgodaService.cs:line 60
   at Offline.Sup.Application.Spider.SupSpiderHotelDateService.ExecSpiderHotelCheckPriceAsync(String otaSupplierId) in D:\products\Offline.Host.Sup\Offline.Sup.Application\Spider\SupSpiderHotelDateService.cs:line 327
2025-05-21 10:24:23,990：爬虫有价查询任务执行失败，酒店Code：59025660，错误信息：session not created: Failed to create Chrome process. (SessionNotCreated)
System.InvalidOperationException: session not created: Failed to create Chrome process. (SessionNotCreated)
   at OpenQA.Selenium.WebDriver.UnpackAndThrowOnError(Response errorResponse)
   at OpenQA.Selenium.WebDriver.Execute(String driverCommandToExecute, Dictionary`2 parameters)
   at OpenQA.Selenium.WebDriver.StartSession(ICapabilities desiredCapabilities)
   at OpenQA.Selenium.WebDriver..ctor(ICommandExecutor executor, ICapabilities capabilities)
   at OpenQA.Selenium.Chromium.ChromiumDriver..ctor(ChromiumDriverService service, ChromiumOptions options, TimeSpan commandTimeout)
   at OpenQA.Selenium.Chrome.ChromeDriver..ctor(ChromeDriverService service, ChromeOptions options, TimeSpan commandTimeout)
   at OpenQA.Selenium.Chrome.ChromeDriver..ctor(ChromeOptions options)
   at Offline.Sup.Application.Spider.SpiderAgodaService.RunSpiderAsync(SpiderHotelDateModel model) in D:\products\Offline.Host.Sup\Offline.Sup.Application\Spider\SpiderAgodaService.cs:line 60
   at Offline.Sup.Application.Spider.SupSpiderHotelDateService.ExecSpiderHotelCheckPriceAsync(String otaSupplierId) in D:\products\Offline.Host.Sup\Offline.Sup.Application\Spider\SupSpiderHotelDateService.cs:line 327
2025-05-21 10:24:24,095：爬虫有价查询任务执行失败，酒店Code：59025660，错误信息：session not created: Failed to create Chrome process. (SessionNotCreated)
System.InvalidOperationException: session not created: Failed to create Chrome process. (SessionNotCreated)
   at OpenQA.Selenium.WebDriver.UnpackAndThrowOnError(Response errorResponse)
   at OpenQA.Selenium.WebDriver.Execute(String driverCommandToExecute, Dictionary`2 parameters)
   at OpenQA.Selenium.WebDriver.StartSession(ICapabilities desiredCapabilities)
   at OpenQA.Selenium.WebDriver..ctor(ICommandExecutor executor, ICapabilities capabilities)
   at OpenQA.Selenium.Chromium.ChromiumDriver..ctor(ChromiumDriverService service, ChromiumOptions options, TimeSpan commandTimeout)
   at OpenQA.Selenium.Chrome.ChromeDriver..ctor(ChromeDriverService service, ChromeOptions options, TimeSpan commandTimeout)
   at OpenQA.Selenium.Chrome.ChromeDriver..ctor(ChromeOptions options)
   at Offline.Sup.Application.Spider.SpiderAgodaService.RunSpiderAsync(SpiderHotelDateModel model) in D:\products\Offline.Host.Sup\Offline.Sup.Application\Spider\SpiderAgodaService.cs:line 60
   at Offline.Sup.Application.Spider.SupSpiderHotelDateService.ExecSpiderHotelCheckPriceAsync(String otaSupplierId) in D:\products\Offline.Host.Sup\Offline.Sup.Application\Spider\SupSpiderHotelDateService.cs:line 327
2025-05-21 10:24:24,199：爬虫有价查询任务执行失败，酒店Code：59025660，错误信息：session not created: Failed to create Chrome process. (SessionNotCreated)
System.InvalidOperationException: session not created: Failed to create Chrome process. (SessionNotCreated)
   at OpenQA.Selenium.WebDriver.UnpackAndThrowOnError(Response errorResponse)
   at OpenQA.Selenium.WebDriver.Execute(String driverCommandToExecute, Dictionary`2 parameters)
   at OpenQA.Selenium.WebDriver.StartSession(ICapabilities desiredCapabilities)
   at OpenQA.Selenium.WebDriver..ctor(ICommandExecutor executor, ICapabilities capabilities)
   at OpenQA.Selenium.Chromium.ChromiumDriver..ctor(ChromiumDriverService service, ChromiumOptions options, TimeSpan commandTimeout)
   at OpenQA.Selenium.Chrome.ChromeDriver..ctor(ChromeDriverService service, ChromeOptions options, TimeSpan commandTimeout)
   at OpenQA.Selenium.Chrome.ChromeDriver..ctor(ChromeOptions options)
   at Offline.Sup.Application.Spider.SpiderAgodaService.RunSpiderAsync(SpiderHotelDateModel model) in D:\products\Offline.Host.Sup\Offline.Sup.Application\Spider\SpiderAgodaService.cs:line 60
   at Offline.Sup.Application.Spider.SupSpiderHotelDateService.ExecSpiderHotelCheckPriceAsync(String otaSupplierId) in D:\products\Offline.Host.Sup\Offline.Sup.Application\Spider\SupSpiderHotelDateService.cs:line 327
2025-05-21 10:30:44,264：爬虫有价查询任务执行失败，酒店Code：823479，错误信息：session not created: Failed to create Chrome process. (SessionNotCreated)
System.InvalidOperationException: session not created: Failed to create Chrome process. (SessionNotCreated)
   at OpenQA.Selenium.WebDriver.UnpackAndThrowOnError(Response errorResponse)
   at OpenQA.Selenium.WebDriver.Execute(String driverCommandToExecute, Dictionary`2 parameters)
   at OpenQA.Selenium.WebDriver.StartSession(ICapabilities desiredCapabilities)
   at OpenQA.Selenium.WebDriver..ctor(ICommandExecutor executor, ICapabilities capabilities)
   at OpenQA.Selenium.Chromium.ChromiumDriver..ctor(ChromiumDriverService service, ChromiumOptions options, TimeSpan commandTimeout)
   at OpenQA.Selenium.Chrome.ChromeDriver..ctor(ChromeDriverService service, ChromeOptions options, TimeSpan commandTimeout)
   at OpenQA.Selenium.Chrome.ChromeDriver..ctor(ChromeOptions options)
   at Offline.Sup.Application.Spider.SpiderAgodaService.RunSpiderAsync(SpiderHotelDateModel model) in D:\products\Offline.Host.Sup\Offline.Sup.Application\Spider\SpiderAgodaService.cs:line 60
   at Offline.Sup.Application.Spider.SupSpiderHotelDateService.ExecSpiderHotelCheckPriceAsync(String otaSupplierId) in D:\products\Offline.Host.Sup\Offline.Sup.Application\Spider\SupSpiderHotelDateService.cs:line 327
2025-05-21 10:30:44,801：爬虫有价查询任务执行失败，酒店Code：823479，错误信息：session not created: Failed to create Chrome process. (SessionNotCreated)
System.InvalidOperationException: session not created: Failed to create Chrome process. (SessionNotCreated)
   at OpenQA.Selenium.WebDriver.UnpackAndThrowOnError(Response errorResponse)
   at OpenQA.Selenium.WebDriver.Execute(String driverCommandToExecute, Dictionary`2 parameters)
   at OpenQA.Selenium.WebDriver.StartSession(ICapabilities desiredCapabilities)
   at OpenQA.Selenium.WebDriver..ctor(ICommandExecutor executor, ICapabilities capabilities)
   at OpenQA.Selenium.Chromium.ChromiumDriver..ctor(ChromiumDriverService service, ChromiumOptions options, TimeSpan commandTimeout)
   at OpenQA.Selenium.Chrome.ChromeDriver..ctor(ChromeDriverService service, ChromeOptions options, TimeSpan commandTimeout)
   at OpenQA.Selenium.Chrome.ChromeDriver..ctor(ChromeOptions options)
   at Offline.Sup.Application.Spider.SpiderAgodaService.RunSpiderAsync(SpiderHotelDateModel model) in D:\products\Offline.Host.Sup\Offline.Sup.Application\Spider\SpiderAgodaService.cs:line 60
   at Offline.Sup.Application.Spider.SupSpiderHotelDateService.ExecSpiderHotelCheckPriceAsync(String otaSupplierId) in D:\products\Offline.Host.Sup\Offline.Sup.Application\Spider\SupSpiderHotelDateService.cs:line 327
2025-05-21 10:30:45,348：爬虫有价查询任务执行失败，酒店Code：823479，错误信息：session not created: Failed to create Chrome process. (SessionNotCreated)
System.InvalidOperationException: session not created: Failed to create Chrome process. (SessionNotCreated)
   at OpenQA.Selenium.WebDriver.UnpackAndThrowOnError(Response errorResponse)
   at OpenQA.Selenium.WebDriver.Execute(String driverCommandToExecute, Dictionary`2 parameters)
   at OpenQA.Selenium.WebDriver.StartSession(ICapabilities desiredCapabilities)
   at OpenQA.Selenium.WebDriver..ctor(ICommandExecutor executor, ICapabilities capabilities)
   at OpenQA.Selenium.Chromium.ChromiumDriver..ctor(ChromiumDriverService service, ChromiumOptions options, TimeSpan commandTimeout)
   at OpenQA.Selenium.Chrome.ChromeDriver..ctor(ChromeDriverService service, ChromeOptions options, TimeSpan commandTimeout)
   at OpenQA.Selenium.Chrome.ChromeDriver..ctor(ChromeOptions options)
   at Offline.Sup.Application.Spider.SpiderAgodaService.RunSpiderAsync(SpiderHotelDateModel model) in D:\products\Offline.Host.Sup\Offline.Sup.Application\Spider\SpiderAgodaService.cs:line 60
   at Offline.Sup.Application.Spider.SupSpiderHotelDateService.ExecSpiderHotelCheckPriceAsync(String otaSupplierId) in D:\products\Offline.Host.Sup\Offline.Sup.Application\Spider\SupSpiderHotelDateService.cs:line 327
2025-05-21 10:30:45,901：爬虫有价查询任务执行失败，酒店Code：823479，错误信息：session not created: Failed to create Chrome process. (SessionNotCreated)
System.InvalidOperationException: session not created: Failed to create Chrome process. (SessionNotCreated)
   at OpenQA.Selenium.WebDriver.UnpackAndThrowOnError(Response errorResponse)
   at OpenQA.Selenium.WebDriver.Execute(String driverCommandToExecute, Dictionary`2 parameters)
   at OpenQA.Selenium.WebDriver.StartSession(ICapabilities desiredCapabilities)
   at OpenQA.Selenium.WebDriver..ctor(ICommandExecutor executor, ICapabilities capabilities)
   at OpenQA.Selenium.Chromium.ChromiumDriver..ctor(ChromiumDriverService service, ChromiumOptions options, TimeSpan commandTimeout)
   at OpenQA.Selenium.Chrome.ChromeDriver..ctor(ChromeDriverService service, ChromeOptions options, TimeSpan commandTimeout)
   at OpenQA.Selenium.Chrome.ChromeDriver..ctor(ChromeOptions options)
   at Offline.Sup.Application.Spider.SpiderAgodaService.RunSpiderAsync(SpiderHotelDateModel model) in D:\products\Offline.Host.Sup\Offline.Sup.Application\Spider\SpiderAgodaService.cs:line 60
   at Offline.Sup.Application.Spider.SupSpiderHotelDateService.ExecSpiderHotelCheckPriceAsync(String otaSupplierId) in D:\products\Offline.Host.Sup\Offline.Sup.Application\Spider\SupSpiderHotelDateService.cs:line 327
2025-05-21 10:30:46,454：爬虫有价查询任务执行失败，酒店Code：823479，错误信息：session not created: Failed to create Chrome process. (SessionNotCreated)
System.InvalidOperationException: session not created: Failed to create Chrome process. (SessionNotCreated)
   at OpenQA.Selenium.WebDriver.UnpackAndThrowOnError(Response errorResponse)
   at OpenQA.Selenium.WebDriver.Execute(String driverCommandToExecute, Dictionary`2 parameters)
   at OpenQA.Selenium.WebDriver.StartSession(ICapabilities desiredCapabilities)
   at OpenQA.Selenium.WebDriver..ctor(ICommandExecutor executor, ICapabilities capabilities)
   at OpenQA.Selenium.Chromium.ChromiumDriver..ctor(ChromiumDriverService service, ChromiumOptions options, TimeSpan commandTimeout)
   at OpenQA.Selenium.Chrome.ChromeDriver..ctor(ChromeDriverService service, ChromeOptions options, TimeSpan commandTimeout)
   at OpenQA.Selenium.Chrome.ChromeDriver..ctor(ChromeOptions options)
   at Offline.Sup.Application.Spider.SpiderAgodaService.RunSpiderAsync(SpiderHotelDateModel model) in D:\products\Offline.Host.Sup\Offline.Sup.Application\Spider\SpiderAgodaService.cs:line 60
   at Offline.Sup.Application.Spider.SupSpiderHotelDateService.ExecSpiderHotelCheckPriceAsync(String otaSupplierId) in D:\products\Offline.Host.Sup\Offline.Sup.Application\Spider\SupSpiderHotelDateService.cs:line 327
2025-05-21 10:30:47,002：爬虫有价查询任务执行失败，酒店Code：823479，错误信息：session not created: Failed to create Chrome process. (SessionNotCreated)
System.InvalidOperationException: session not created: Failed to create Chrome process. (SessionNotCreated)
   at OpenQA.Selenium.WebDriver.UnpackAndThrowOnError(Response errorResponse)
   at OpenQA.Selenium.WebDriver.Execute(String driverCommandToExecute, Dictionary`2 parameters)
   at OpenQA.Selenium.WebDriver.StartSession(ICapabilities desiredCapabilities)
   at OpenQA.Selenium.WebDriver..ctor(ICommandExecutor executor, ICapabilities capabilities)
   at OpenQA.Selenium.Chromium.ChromiumDriver..ctor(ChromiumDriverService service, ChromiumOptions options, TimeSpan commandTimeout)
   at OpenQA.Selenium.Chrome.ChromeDriver..ctor(ChromeDriverService service, ChromeOptions options, TimeSpan commandTimeout)
   at OpenQA.Selenium.Chrome.ChromeDriver..ctor(ChromeOptions options)
   at Offline.Sup.Application.Spider.SpiderAgodaService.RunSpiderAsync(SpiderHotelDateModel model) in D:\products\Offline.Host.Sup\Offline.Sup.Application\Spider\SpiderAgodaService.cs:line 60
   at Offline.Sup.Application.Spider.SupSpiderHotelDateService.ExecSpiderHotelCheckPriceAsync(String otaSupplierId) in D:\products\Offline.Host.Sup\Offline.Sup.Application\Spider\SupSpiderHotelDateService.cs:line 327
2025-05-21 10:30:47,540：爬虫有价查询任务执行失败，酒店Code：823479，错误信息：session not created: Failed to create Chrome process. (SessionNotCreated)
System.InvalidOperationException: session not created: Failed to create Chrome process. (SessionNotCreated)
   at OpenQA.Selenium.WebDriver.UnpackAndThrowOnError(Response errorResponse)
   at OpenQA.Selenium.WebDriver.Execute(String driverCommandToExecute, Dictionary`2 parameters)
   at OpenQA.Selenium.WebDriver.StartSession(ICapabilities desiredCapabilities)
   at OpenQA.Selenium.WebDriver..ctor(ICommandExecutor executor, ICapabilities capabilities)
   at OpenQA.Selenium.Chromium.ChromiumDriver..ctor(ChromiumDriverService service, ChromiumOptions options, TimeSpan commandTimeout)
   at OpenQA.Selenium.Chrome.ChromeDriver..ctor(ChromeDriverService service, ChromeOptions options, TimeSpan commandTimeout)
   at OpenQA.Selenium.Chrome.ChromeDriver..ctor(ChromeOptions options)
   at Offline.Sup.Application.Spider.SpiderAgodaService.RunSpiderAsync(SpiderHotelDateModel model) in D:\products\Offline.Host.Sup\Offline.Sup.Application\Spider\SpiderAgodaService.cs:line 60
   at Offline.Sup.Application.Spider.SupSpiderHotelDateService.ExecSpiderHotelCheckPriceAsync(String otaSupplierId) in D:\products\Offline.Host.Sup\Offline.Sup.Application\Spider\SupSpiderHotelDateService.cs:line 327
2025-05-21 10:30:48,081：爬虫有价查询任务执行失败，酒店Code：823479，错误信息：session not created: Failed to create Chrome process. (SessionNotCreated)
System.InvalidOperationException: session not created: Failed to create Chrome process. (SessionNotCreated)
   at OpenQA.Selenium.WebDriver.UnpackAndThrowOnError(Response errorResponse)
   at OpenQA.Selenium.WebDriver.Execute(String driverCommandToExecute, Dictionary`2 parameters)
   at OpenQA.Selenium.WebDriver.StartSession(ICapabilities desiredCapabilities)
   at OpenQA.Selenium.WebDriver..ctor(ICommandExecutor executor, ICapabilities capabilities)
   at OpenQA.Selenium.Chromium.ChromiumDriver..ctor(ChromiumDriverService service, ChromiumOptions options, TimeSpan commandTimeout)
   at OpenQA.Selenium.Chrome.ChromeDriver..ctor(ChromeDriverService service, ChromeOptions options, TimeSpan commandTimeout)
   at OpenQA.Selenium.Chrome.ChromeDriver..ctor(ChromeOptions options)
   at Offline.Sup.Application.Spider.SpiderAgodaService.RunSpiderAsync(SpiderHotelDateModel model) in D:\products\Offline.Host.Sup\Offline.Sup.Application\Spider\SpiderAgodaService.cs:line 60
   at Offline.Sup.Application.Spider.SupSpiderHotelDateService.ExecSpiderHotelCheckPriceAsync(String otaSupplierId) in D:\products\Offline.Host.Sup\Offline.Sup.Application\Spider\SupSpiderHotelDateService.cs:line 327
2025-05-21 10:30:48,636：爬虫有价查询任务执行失败，酒店Code：55268476，错误信息：session not created: Failed to create Chrome process. (SessionNotCreated)
System.InvalidOperationException: session not created: Failed to create Chrome process. (SessionNotCreated)
   at OpenQA.Selenium.WebDriver.UnpackAndThrowOnError(Response errorResponse)
   at OpenQA.Selenium.WebDriver.Execute(String driverCommandToExecute, Dictionary`2 parameters)
   at OpenQA.Selenium.WebDriver.StartSession(ICapabilities desiredCapabilities)
   at OpenQA.Selenium.WebDriver..ctor(ICommandExecutor executor, ICapabilities capabilities)
   at OpenQA.Selenium.Chromium.ChromiumDriver..ctor(ChromiumDriverService service, ChromiumOptions options, TimeSpan commandTimeout)
   at OpenQA.Selenium.Chrome.ChromeDriver..ctor(ChromeDriverService service, ChromeOptions options, TimeSpan commandTimeout)
   at OpenQA.Selenium.Chrome.ChromeDriver..ctor(ChromeOptions options)
   at Offline.Sup.Application.Spider.SpiderAgodaService.RunSpiderAsync(SpiderHotelDateModel model) in D:\products\Offline.Host.Sup\Offline.Sup.Application\Spider\SpiderAgodaService.cs:line 60
   at Offline.Sup.Application.Spider.SupSpiderHotelDateService.ExecSpiderHotelCheckPriceAsync(String otaSupplierId) in D:\products\Offline.Host.Sup\Offline.Sup.Application\Spider\SupSpiderHotelDateService.cs:line 327
2025-05-21 10:30:49,189：爬虫有价查询任务执行失败，酒店Code：55268476，错误信息：session not created: Failed to create Chrome process. (SessionNotCreated)
System.InvalidOperationException: session not created: Failed to create Chrome process. (SessionNotCreated)
   at OpenQA.Selenium.WebDriver.UnpackAndThrowOnError(Response errorResponse)
   at OpenQA.Selenium.WebDriver.Execute(String driverCommandToExecute, Dictionary`2 parameters)
   at OpenQA.Selenium.WebDriver.StartSession(ICapabilities desiredCapabilities)
   at OpenQA.Selenium.WebDriver..ctor(ICommandExecutor executor, ICapabilities capabilities)
   at OpenQA.Selenium.Chromium.ChromiumDriver..ctor(ChromiumDriverService service, ChromiumOptions options, TimeSpan commandTimeout)
   at OpenQA.Selenium.Chrome.ChromeDriver..ctor(ChromeDriverService service, ChromeOptions options, TimeSpan commandTimeout)
   at OpenQA.Selenium.Chrome.ChromeDriver..ctor(ChromeOptions options)
   at Offline.Sup.Application.Spider.SpiderAgodaService.RunSpiderAsync(SpiderHotelDateModel model) in D:\products\Offline.Host.Sup\Offline.Sup.Application\Spider\SpiderAgodaService.cs:line 60
   at Offline.Sup.Application.Spider.SupSpiderHotelDateService.ExecSpiderHotelCheckPriceAsync(String otaSupplierId) in D:\products\Offline.Host.Sup\Offline.Sup.Application\Spider\SupSpiderHotelDateService.cs:line 327
2025-05-21 10:30:49,730：爬虫有价查询任务执行失败，酒店Code：55268476，错误信息：session not created: Failed to create Chrome process. (SessionNotCreated)
System.InvalidOperationException: session not created: Failed to create Chrome process. (SessionNotCreated)
   at OpenQA.Selenium.WebDriver.UnpackAndThrowOnError(Response errorResponse)
   at OpenQA.Selenium.WebDriver.Execute(String driverCommandToExecute, Dictionary`2 parameters)
   at OpenQA.Selenium.WebDriver.StartSession(ICapabilities desiredCapabilities)
   at OpenQA.Selenium.WebDriver..ctor(ICommandExecutor executor, ICapabilities capabilities)
   at OpenQA.Selenium.Chromium.ChromiumDriver..ctor(ChromiumDriverService service, ChromiumOptions options, TimeSpan commandTimeout)
   at OpenQA.Selenium.Chrome.ChromeDriver..ctor(ChromeDriverService service, ChromeOptions options, TimeSpan commandTimeout)
   at OpenQA.Selenium.Chrome.ChromeDriver..ctor(ChromeOptions options)
   at Offline.Sup.Application.Spider.SpiderAgodaService.RunSpiderAsync(SpiderHotelDateModel model) in D:\products\Offline.Host.Sup\Offline.Sup.Application\Spider\SpiderAgodaService.cs:line 60
   at Offline.Sup.Application.Spider.SupSpiderHotelDateService.ExecSpiderHotelCheckPriceAsync(String otaSupplierId) in D:\products\Offline.Host.Sup\Offline.Sup.Application\Spider\SupSpiderHotelDateService.cs:line 327
2025-05-21 10:36:55,214：爬虫有价查询任务执行失败，酒店Code：823479，错误信息：session not created
from unknown error: cannot find Chrome binary (SessionNotCreated)
System.InvalidOperationException: session not created
from unknown error: cannot find Chrome binary (SessionNotCreated)
   at OpenQA.Selenium.WebDriver.UnpackAndThrowOnError(Response errorResponse)
   at OpenQA.Selenium.WebDriver.Execute(String driverCommandToExecute, Dictionary`2 parameters)
   at OpenQA.Selenium.WebDriver.StartSession(ICapabilities desiredCapabilities)
   at OpenQA.Selenium.WebDriver..ctor(ICommandExecutor executor, ICapabilities capabilities)
   at OpenQA.Selenium.Chromium.ChromiumDriver..ctor(ChromiumDriverService service, ChromiumOptions options, TimeSpan commandTimeout)
   at OpenQA.Selenium.Chrome.ChromeDriver..ctor(ChromeDriverService service, ChromeOptions options, TimeSpan commandTimeout)
   at OpenQA.Selenium.Chrome.ChromeDriver..ctor(ChromeOptions options)
   at Offline.Sup.Application.Spider.SpiderAgodaService.RunSpiderAsync(SpiderHotelDateModel model) in D:\products\Offline.Host.Sup\Offline.Sup.Application\Spider\SpiderAgodaService.cs:line 60
   at Offline.Sup.Application.Spider.SupSpiderHotelDateService.ExecSpiderHotelCheckPriceAsync(String otaSupplierId) in D:\products\Offline.Host.Sup\Offline.Sup.Application\Spider\SupSpiderHotelDateService.cs:line 327
